#
# There is insufficient memory for the Java Runtime Environment to continue.
# Native memory allocation (mmap) failed to map 139460608 bytes for committing reserved memory.
# Possible reasons:
#   The system is out of physical RAM or swap space
#   The process is running with CompressedOops enabled, and the Java Heap may be blocking the growth of the native heap
# Possible solutions:
#   Reduce memory load on the system
#   Increase physical memory or swap space
#   Check if swap backing store is full
#   Decrease Java heap size (-Xmx/-Xms)
#   Decrease number of Java threads
#   Decrease Java thread stack sizes (-Xss)
#   Set larger code cache with -XX:ReservedCodeCacheSize=
#   JVM is running with Unscaled Compressed Oops mode in which the Java heap is
#     placed in the first 4GB address space. The Java Heap base address is the
#     maximum limit for the native heap growth. Please use -XX:HeapBaseMinAddress
#     to set the Java Heap base and to place the Java Heap above 4GB virtual address.
# This output file may be truncated or incomplete.
#
#  Out of Memory Error (os_linux.cpp:2839), pid=26828, tid=26835
#
# JRE version: OpenJDK Runtime Environment (11.0.5+10) (build 11.0.5+10-post-Ubuntu-0ubuntu1.118.04)
# Java VM: OpenJDK 64-Bit Server VM (11.0.5+10-post-Ubuntu-0ubuntu1.118.04, mixed mode, sharing, tiered, compressed oops, g1 gc, linux-amd64)
# Core dump will be written. Default location: Core dumps may be processed with "/usr/share/apport/apport %p %s %c %d %P" (or dumping to /home/tlha252/DatabasesFinalProject/cs505-pubsub-cep-template/core.26828)
#

---------------  S U M M A R Y ------------

Command Line: /home/tlha252/DatabasesFinalProject/cs505-pubsub-cep-template/target/cs505-pubsub-cep-template-1.0-SNAPSHOT.jar

Host: Intel Xeon Processor (Skylake, IBRS), 2 cores, 3G, Ubuntu 18.04.3 LTS
Time: Mon Apr 27 15:08:57 2020 EDT elapsed time: 2468 seconds (0d 0h 41m 8s)

---------------  T H R E A D  ---------------

Current thread (0x00007f1d2411b800):  VMThread "VM Thread" [stack: 0x00007f1d0c83e000,0x00007f1d0c93e000] [id=26835]

Stack: [0x00007f1d0c83e000,0x00007f1d0c93e000],  sp=0x00007f1d0c93bff0,  free space=1015k
Native frames: (J=compiled Java code, A=aot compiled Java code, j=interpreted, Vv=VM code, C=native code)
V  [libjvm.so+0xdec067]
V  [libjvm.so+0xdeccbb]
V  [libjvm.so+0x64fc15]
V  [libjvm.so+0xbc77d8]
V  [libjvm.so+0xbbf0fd]
V  [libjvm.so+0x76d91f]
V  [libjvm.so+0x76db8e]
V  [libjvm.so+0x779c00]
V  [libjvm.so+0x7f4f49]
V  [libjvm.so+0x7f5ba2]
V  [libjvm.so+0x7f6009]
V  [libjvm.so+0x72c0df]
V  [libjvm.so+0x730dda]
V  [libjvm.so+0xdf7d01]
V  [libjvm.so+0xdf68c8]
V  [libjvm.so+0xdf4106]
V  [libjvm.so+0xdf4610]
V  [libjvm.so+0xdf4a43]
V  [libjvm.so+0xd7ba0a]
V  [libjvm.so+0xbcd3ce]

VM_Operation (0x00007f1ccd798f40): G1CollectForAllocation, mode: safepoint, requested by thread 0x00007f1cdc0ab000


---------------  P R O C E S S  ---------------

Threads class SMR info:
_java_thread_list=0x00007f1cec1f6900, length=30, elements={
0x00007f1d24015000, 0x00007f1d2411e000, 0x00007f1d24120000, 0x00007f1d24128000,
0x00007f1d2412a800, 0x00007f1d2412c800, 0x00007f1d2412e800, 0x00007f1d24166000,
0x00007f1d2416a800, 0x00007f1d247d3800, 0x00007f1d247d6000, 0x00007f1cd0017000,
0x00007f1d248ab800, 0x00007f1cd001c000, 0x00007f1ce0014800, 0x00007f1d24934800,
0x00007f1cd001e000, 0x00007f1cd001f800, 0x00007f1d24c3a800, 0x00007f1d24c64000,
0x00007f1d24c67000, 0x00007f1d24c69000, 0x00007f1d24c6a800, 0x00007f1d24c6d000,
0x00007f1d24c6e800, 0x00007f1d24c70800, 0x00007f1cec1ce000, 0x00007f1cec0a6800,
0x00007f1cdc0ab000, 0x00007f1cec1f5000
}

Java Threads: ( => current thread )
  0x00007f1d24015000 JavaThread "main" [_thread_blocked, id=26829, stack(0x00007f1d2e61c000,0x00007f1d2e71d000)]
  0x00007f1d2411e000 JavaThread "Reference Handler" daemon [_thread_blocked, id=26836, stack(0x00007f1d0c73b000,0x00007f1d0c83c000)]
  0x00007f1d24120000 JavaThread "Finalizer" daemon [_thread_blocked, id=26837, stack(0x00007f1d0c63a000,0x00007f1d0c73b000)]
  0x00007f1d24128000 JavaThread "Signal Dispatcher" daemon [_thread_blocked, id=26838, stack(0x00007f1d0c22b000,0x00007f1d0c32c000)]
  0x00007f1d2412a800 JavaThread "C2 CompilerThread0" daemon [_thread_blocked, id=26839, stack(0x00007f1d0c12a000,0x00007f1d0c22b000)]
  0x00007f1d2412c800 JavaThread "C1 CompilerThread0" daemon [_thread_blocked, id=26840, stack(0x00007f1d0c029000,0x00007f1d0c12a000)]
  0x00007f1d2412e800 JavaThread "Sweeper thread" daemon [_thread_blocked, id=26841, stack(0x00007f1d04f8f000,0x00007f1d05090000)]
  0x00007f1d24166000 JavaThread "Service Thread" daemon [_thread_blocked, id=26842, stack(0x00007f1d04e8e000,0x00007f1d04f8f000)]
  0x00007f1d2416a800 JavaThread "Common-Cleaner" daemon [_thread_blocked, id=26844, stack(0x00007f1d04c8b000,0x00007f1d04d8c000)]
  0x00007f1d247d3800 JavaThread "AMQP Connection 128.163.202.61:5672" [_thread_blocked, id=26846, stack(0x00007f1d0405d000,0x00007f1d0415e000)]
  0x00007f1d247d6000 JavaThread "pool-3-thread-2" [_thread_blocked, id=26847, stack(0x00007f1ccfeff000,0x00007f1cd0000000)]
  0x00007f1cd0017000 JavaThread "pool-3-thread-3" [_thread_blocked, id=26848, stack(0x00007f1ccfdfe000,0x00007f1ccfeff000)]
  0x00007f1d248ab800 JavaThread "Timer-0" daemon [_thread_blocked, id=26849, stack(0x00007f1ccfafd000,0x00007f1ccfbfe000)]
  0x00007f1cd001c000 JavaThread "pool-3-thread-4" [_thread_blocked, id=26850, stack(0x00007f1ccf7f7000,0x00007f1ccf8f8000)]
  0x00007f1ce0014800 JavaThread "Siddhi-10430eb3-832f-4ab9-bdd6-e1fbb2b89d0f-scheduler-thread-0" [_thread_blocked, id=26851, stack(0x00007f1ccf4f0000,0x00007f1ccf5f1000)]
  0x00007f1d24934800 JavaThread "derby.rawStoreDaemon" daemon [_thread_blocked, id=26852, stack(0x00007f1ccf1ef000,0x00007f1ccf2f0000)]
  0x00007f1cd001e000 JavaThread "pool-3-thread-5" [_thread_blocked, id=26853, stack(0x00007f1ccecee000,0x00007f1ccedef000)]
  0x00007f1cd001f800 JavaThread "pool-3-thread-6" [_thread_blocked, id=26854, stack(0x00007f1cce9ed000,0x00007f1cceaee000)]
  0x00007f1d24c3a800 JavaThread "HttpServer-0" daemon [_thread_blocked, id=26855, stack(0x00007f1cce8ec000,0x00007f1cce9ed000)]
  0x00007f1d24c64000 JavaThread "grizzly-nio-kernel(1) SelectorRunner" daemon [_thread_in_native, id=26856, stack(0x00007f1cce3a4000,0x00007f1cce4a5000)]
  0x00007f1d24c67000 JavaThread "grizzly-nio-kernel(2) SelectorRunner" daemon [_thread_in_native, id=26857, stack(0x00007f1cce2a3000,0x00007f1cce3a4000)]
  0x00007f1d24c69000 JavaThread "grizzly-nio-kernel(3) SelectorRunner" daemon [_thread_in_native, id=26858, stack(0x00007f1cce1a2000,0x00007f1cce2a3000)]
  0x00007f1d24c6a800 JavaThread "grizzly-http-server-0" [_thread_blocked, id=26859, stack(0x00007f1cce0a1000,0x00007f1cce1a2000)]
  0x00007f1d24c6d000 JavaThread "grizzly-http-server-1" [_thread_blocked, id=26860, stack(0x00007f1ccdfa0000,0x00007f1cce0a1000)]
  0x00007f1d24c6e800 JavaThread "grizzly-http-server-2" [_thread_blocked, id=26861, stack(0x00007f1ccde9f000,0x00007f1ccdfa0000)]
  0x00007f1d24c70800 JavaThread "grizzly-http-server-3" [_thread_blocked, id=26862, stack(0x00007f1ccdd9e000,0x00007f1ccde9f000)]
  0x00007f1cec1ce000 JavaThread "Siddhi-10430eb3-832f-4ab9-bdd6-e1fbb2b89d0f-scheduler-thread-1" [_thread_blocked, id=26864, stack(0x00007f1ccda9d000,0x00007f1ccdb9e000)]
  0x00007f1cec0a6800 JavaThread "Siddhi-10430eb3-832f-4ab9-bdd6-e1fbb2b89d0f-scheduler-thread-2" [_thread_blocked, id=26868, stack(0x00007f1ccd79c000,0x00007f1ccd89d000)]
  0x00007f1cdc0ab000 JavaThread "Siddhi-10430eb3-832f-4ab9-bdd6-e1fbb2b89d0f-scheduler-thread-3" [_thread_blocked, id=26870, stack(0x00007f1ccd69b000,0x00007f1ccd79c000)]
  0x00007f1cec1f5000 JavaThread "Siddhi-10430eb3-832f-4ab9-bdd6-e1fbb2b89d0f-scheduler-thread-4" [_thread_blocked, id=26874, stack(0x00007f1ccd39a000,0x00007f1ccd49b000)]

Other Threads:
=>0x00007f1d2411b800 VMThread "VM Thread" [stack: 0x00007f1d0c83e000,0x00007f1d0c93e000] [id=26835]
  0x00007f1d24168000 WatcherThread [stack: 0x00007f1d04d8e000,0x00007f1d04e8e000] [id=26843]
  0x00007f1d2402d800 GCTaskThread "GC Thread#0" [stack: 0x00007f1d2a615000,0x00007f1d2a715000] [id=26830]
  0x00007f1cf4001000 GCTaskThread "GC Thread#1" [stack: 0x00007f1d04763000,0x00007f1d04863000] [id=26845]
  0x00007f1d24049000 ConcurrentGCThread "G1 Main Marker" [stack: 0x00007f1d28dd7000,0x00007f1d28ed7000] [id=26831]
  0x00007f1d2404a800 ConcurrentGCThread "G1 Conc#0" [stack: 0x00007f1d28cd5000,0x00007f1d28dd5000] [id=26832]
  0x00007f1d24086000 ConcurrentGCThread "G1 Refine#0" [stack: 0x00007f1d289d1000,0x00007f1d28ad1000] [id=26833]
  0x00007f1d24087800 ConcurrentGCThread "G1 Young RemSet Sampling" [stack: 0x00007f1d288cf000,0x00007f1d289cf000] [id=26834]

Threads with active compile tasks:

VM state:at safepoint (normal execution)

VM Mutex/Monitor currently owned by a thread:  ([mutex/lock_event])
[0x00007f1d24011250] Threads_lock - owner thread: 0x00007f1d2411b800
[0x00007f1d240119a0] Heap_lock - owner thread: 0x00007f1cdc0ab000

Heap address: 0x00000000c2400000, size: 988 MB, Compressed Oops mode: 32-bit
Narrow klass base: 0x0000000800000000, Narrow klass shift: 3
Compressed class space size: 1073741824 Address: 0x0000000840000000

Heap:
 garbage-first heap   total 377856K, used 60038K [0x00000000c2400000, 0x0000000100000000)
  region size 1024K, 1 young (1024K), 1 survivors (1024K)
 Metaspace       used 175584K, capacity 747280K, committed 1096080K, reserved 1216512K
  class space    used 71848K, capacity 580956K, committed 929504K, reserved 1048576K
Heap Regions: E=young(eden), S=young(survivor), O=old, HS=humongous(starts), HC=humongous(continues), CS=collection set, F=free, A=archive, TAMS=top-at-mark-start (previous, next)
|   0|0x00000000c2400000, 0x00000000c2500000, 0x00000000c2500000|100%| O|  |TAMS 0x00000000c2500000, 0x00000000c2400000| Untracked 
|   1|0x00000000c2500000, 0x00000000c2600000, 0x00000000c2600000|100%| O|  |TAMS 0x00000000c2600000, 0x00000000c2500000| Untracked 
|   2|0x00000000c2600000, 0x00000000c2700000, 0x00000000c2700000|100%|HS|  |TAMS 0x00000000c2700000, 0x00000000c2600000| Complete 
|   3|0x00000000c2700000, 0x00000000c2800000, 0x00000000c2800000|100%|HC|  |TAMS 0x00000000c2800000, 0x00000000c2700000| Complete 
|   4|0x00000000c2800000, 0x00000000c2900000, 0x00000000c2900000|100%| O|  |TAMS 0x00000000c2900000, 0x00000000c2800000| Untracked 
|   5|0x00000000c2900000, 0x00000000c2a00000, 0x00000000c2a00000|100%| O|  |TAMS 0x00000000c2a00000, 0x00000000c2900000| Untracked 
|   6|0x00000000c2a00000, 0x00000000c2b00000, 0x00000000c2b00000|100%| O|  |TAMS 0x00000000c2b00000, 0x00000000c2a00000| Untracked 
|   7|0x00000000c2b00000, 0x00000000c2c00000, 0x00000000c2c00000|100%| O|  |TAMS 0x00000000c2c00000, 0x00000000c2b00000| Untracked 
|   8|0x00000000c2c00000, 0x00000000c2d00000, 0x00000000c2d00000|100%| O|  |TAMS 0x00000000c2d00000, 0x00000000c2c00000| Untracked 
|   9|0x00000000c2d00000, 0x00000000c2e00000, 0x00000000c2e00000|100%| O|  |TAMS 0x00000000c2e00000, 0x00000000c2d00000| Untracked 
|  10|0x00000000c2e00000, 0x00000000c2f00000, 0x00000000c2f00000|100%| O|  |TAMS 0x00000000c2f00000, 0x00000000c2e00000| Untracked 
|  11|0x00000000c2f00000, 0x00000000c3000000, 0x00000000c3000000|100%| O|  |TAMS 0x00000000c3000000, 0x00000000c2f00000| Untracked 
|  12|0x00000000c3000000, 0x00000000c3100000, 0x00000000c3100000|100%| O|  |TAMS 0x00000000c3100000, 0x00000000c3000000| Untracked 
|  13|0x00000000c3100000, 0x00000000c3200000, 0x00000000c3200000|100%| O|  |TAMS 0x00000000c3200000, 0x00000000c3100000| Untracked 
|  14|0x00000000c3200000, 0x00000000c3300000, 0x00000000c3300000|100%| O|  |TAMS 0x00000000c3300000, 0x00000000c3200000| Untracked 
|  15|0x00000000c3300000, 0x00000000c3400000, 0x00000000c3400000|100%| O|  |TAMS 0x00000000c3300000, 0x00000000c3300000| Untracked 
|  16|0x00000000c3400000, 0x00000000c3500000, 0x00000000c3500000|100%| O|  |TAMS 0x00000000c3400000, 0x00000000c3400000| Untracked 
|  17|0x00000000c3500000, 0x00000000c3600000, 0x00000000c3600000|100%| O|  |TAMS 0x00000000c3600000, 0x00000000c3500000| Untracked 
|  18|0x00000000c3600000, 0x00000000c3700000, 0x00000000c3700000|100%| O|  |TAMS 0x00000000c3700000, 0x00000000c3600000| Untracked 
|  19|0x00000000c3700000, 0x00000000c3800000, 0x00000000c3800000|100%| O|  |TAMS 0x00000000c3700000, 0x00000000c3700000| Untracked 
|  20|0x00000000c3800000, 0x00000000c3900000, 0x00000000c3900000|100%| O|  |TAMS 0x00000000c3900000, 0x00000000c3800000| Untracked 
|  21|0x00000000c3900000, 0x00000000c3a00000, 0x00000000c3a00000|100%| O|  |TAMS 0x00000000c3900000, 0x00000000c3900000| Untracked 
|  22|0x00000000c3a00000, 0x00000000c3b00000, 0x00000000c3b00000|100%| O|  |TAMS 0x00000000c3a00000, 0x00000000c3a00000| Untracked 
|  23|0x00000000c3b00000, 0x00000000c3c00000, 0x00000000c3c00000|100%| O|  |TAMS 0x00000000c3c00000, 0x00000000c3b00000| Untracked 
|  24|0x00000000c3c00000, 0x00000000c3d00000, 0x00000000c3d00000|100%| O|  |TAMS 0x00000000c3c00000, 0x00000000c3c00000| Untracked 
|  25|0x00000000c3d00000, 0x00000000c3e00000, 0x00000000c3e00000|100%| O|  |TAMS 0x00000000c3d00000, 0x00000000c3d00000| Untracked 
|  26|0x00000000c3e00000, 0x00000000c3f00000, 0x00000000c3f00000|100%| O|  |TAMS 0x00000000c3e00000, 0x00000000c3e00000| Untracked 
|  27|0x00000000c3f00000, 0x00000000c4000000, 0x00000000c4000000|100%| O|  |TAMS 0x00000000c3f00000, 0x00000000c3f00000| Untracked 
|  28|0x00000000c4000000, 0x00000000c4100000, 0x00000000c4100000|100%| O|  |TAMS 0x00000000c4000000, 0x00000000c4000000| Untracked 
|  29|0x00000000c4100000, 0x00000000c4200000, 0x00000000c4200000|100%| O|  |TAMS 0x00000000c4100000, 0x00000000c4100000| Untracked 
|  30|0x00000000c4200000, 0x00000000c4300000, 0x00000000c4300000|100%| O|  |TAMS 0x00000000c4300000, 0x00000000c4200000| Untracked 
|  31|0x00000000c4300000, 0x00000000c4400000, 0x00000000c4400000|100%| O|  |TAMS 0x00000000c4400000, 0x00000000c4300000| Untracked 
|  32|0x00000000c4400000, 0x00000000c4500000, 0x00000000c4500000|100%| O|  |TAMS 0x00000000c4500000, 0x00000000c4400000| Untracked 
|  33|0x00000000c4500000, 0x00000000c4600000, 0x00000000c4600000|100%| O|  |TAMS 0x00000000c4500000, 0x00000000c4500000| Untracked 
|  34|0x00000000c4600000, 0x00000000c4700000, 0x00000000c4700000|100%| O|  |TAMS 0x00000000c4600000, 0x00000000c4600000| Untracked 
|  35|0x00000000c4700000, 0x00000000c4800000, 0x00000000c4800000|100%| O|  |TAMS 0x00000000c4700000, 0x00000000c4700000| Untracked 
|  36|0x00000000c4800000, 0x00000000c4900000, 0x00000000c4900000|100%| O|  |TAMS 0x00000000c4800000, 0x00000000c4800000| Untracked 
|  37|0x00000000c4900000, 0x00000000c4a00000, 0x00000000c4a00000|100%| O|  |TAMS 0x00000000c4900000, 0x00000000c4900000| Untracked 
|  38|0x00000000c4a00000, 0x00000000c4b00000, 0x00000000c4b00000|100%| O|  |TAMS 0x00000000c4a00000, 0x00000000c4a00000| Untracked 
|  39|0x00000000c4b00000, 0x00000000c4c00000, 0x00000000c4c00000|100%| O|  |TAMS 0x00000000c4b00000, 0x00000000c4b00000| Untracked 
|  40|0x00000000c4c00000, 0x00000000c4d00000, 0x00000000c4d00000|100%| O|  |TAMS 0x00000000c4c00000, 0x00000000c4c00000| Untracked 
|  41|0x00000000c4d00000, 0x00000000c4e00000, 0x00000000c4e00000|100%| O|  |TAMS 0x00000000c4d00000, 0x00000000c4d00000| Untracked 
|  42|0x00000000c4e00000, 0x00000000c4f00000, 0x00000000c4f00000|100%| O|  |TAMS 0x00000000c4e00000, 0x00000000c4e00000| Untracked 
|  43|0x00000000c4f00000, 0x00000000c5000000, 0x00000000c5000000|100%| O|  |TAMS 0x00000000c5000000, 0x00000000c4f00000| Untracked 
|  44|0x00000000c5000000, 0x00000000c5100000, 0x00000000c5100000|100%| O|  |TAMS 0x00000000c5000000, 0x00000000c5000000| Untracked 
|  45|0x00000000c5100000, 0x00000000c5200000, 0x00000000c5200000|100%| O|  |TAMS 0x00000000c5100000, 0x00000000c5100000| Untracked 
|  46|0x00000000c5200000, 0x00000000c5300000, 0x00000000c5300000|100%| O|  |TAMS 0x00000000c5300000, 0x00000000c5200000| Untracked 
|  47|0x00000000c5300000, 0x00000000c5400000, 0x00000000c5400000|100%| O|  |TAMS 0x00000000c5300000, 0x00000000c5300000| Untracked 
|  48|0x00000000c5400000, 0x00000000c5500000, 0x00000000c5500000|100%| O|  |TAMS 0x00000000c5400000, 0x00000000c5400000| Untracked 
|  49|0x00000000c5500000, 0x00000000c5600000, 0x00000000c5600000|100%| O|  |TAMS 0x00000000c5500000, 0x00000000c5500000| Untracked 
|  50|0x00000000c5600000, 0x00000000c5700000, 0x00000000c5700000|100%| O|  |TAMS 0x00000000c5600000, 0x00000000c5600000| Untracked 
|  51|0x00000000c5700000, 0x00000000c5800000, 0x00000000c5800000|100%| O|  |TAMS 0x00000000c5700000, 0x00000000c5700000| Untracked 
|  52|0x00000000c5800000, 0x00000000c5900000, 0x00000000c5900000|100%| O|  |TAMS 0x00000000c5800000, 0x00000000c5800000| Untracked 
|  53|0x00000000c5900000, 0x00000000c599d000, 0x00000000c5a00000| 61%| O|  |TAMS 0x00000000c5900000, 0x00000000c5900000| Untracked 
|  54|0x00000000c5a00000, 0x00000000c5b00000, 0x00000000c5b00000|100%| O|  |TAMS 0x00000000c5b00000, 0x00000000c5a00000| Untracked 
|  55|0x00000000c5b00000, 0x00000000c5c00000, 0x00000000c5c00000|100%| O|  |TAMS 0x00000000c5c00000, 0x00000000c5b00000| Untracked 
|  56|0x00000000c5c00000, 0x00000000c5c00000, 0x00000000c5d00000|  0%| F|  |TAMS 0x00000000c5c00000, 0x00000000c5c00000| Untracked 
|  57|0x00000000c5d00000, 0x00000000c5d00000, 0x00000000c5e00000|  0%| F|  |TAMS 0x00000000c5d00000, 0x00000000c5d00000| Untracked 
|  58|0x00000000c5e00000, 0x00000000c5e00000, 0x00000000c5f00000|  0%| F|  |TAMS 0x00000000c5e00000, 0x00000000c5e00000| Untracked 
|  59|0x00000000c5f00000, 0x00000000c5f00000, 0x00000000c6000000|  0%| F|  |TAMS 0x00000000c5f00000, 0x00000000c5f00000| Untracked 
|  60|0x00000000c6000000, 0x00000000c6000000, 0x00000000c6100000|  0%| F|  |TAMS 0x00000000c6000000, 0x00000000c6000000| Untracked 
|  61|0x00000000c6100000, 0x00000000c6100000, 0x00000000c6200000|  0%| F|  |TAMS 0x00000000c6100000, 0x00000000c6100000| Untracked 
|  62|0x00000000c6200000, 0x00000000c6200000, 0x00000000c6300000|  0%| F|  |TAMS 0x00000000c6200000, 0x00000000c6200000| Untracked 
|  63|0x00000000c6300000, 0x00000000c6300000, 0x00000000c6400000|  0%| F|  |TAMS 0x00000000c6300000, 0x00000000c6300000| Untracked 
|  64|0x00000000c6400000, 0x00000000c6500000, 0x00000000c6500000|100%| O|  |TAMS 0x00000000c6500000, 0x00000000c6400000| Untracked 
|  65|0x00000000c6500000, 0x00000000c6500000, 0x00000000c6600000|  0%| F|  |TAMS 0x00000000c6500000, 0x00000000c6500000| Untracked 
|  66|0x00000000c6600000, 0x00000000c6600000, 0x00000000c6700000|  0%| F|  |TAMS 0x00000000c6600000, 0x00000000c6600000| Untracked 
|  67|0x00000000c6700000, 0x00000000c6700000, 0x00000000c6800000|  0%| F|  |TAMS 0x00000000c6700000, 0x00000000c6700000| Untracked 
|  68|0x00000000c6800000, 0x00000000c6800000, 0x00000000c6900000|  0%| F|  |TAMS 0x00000000c6800000, 0x00000000c6800000| Untracked 
|  69|0x00000000c6900000, 0x00000000c6900000, 0x00000000c6a00000|  0%| F|  |TAMS 0x00000000c6900000, 0x00000000c6900000| Untracked 
|  70|0x00000000c6a00000, 0x00000000c6b00000, 0x00000000c6b00000|100%| O|  |TAMS 0x00000000c6aa8800, 0x00000000c6a00000| Untracked 
|  71|0x00000000c6b00000, 0x00000000c6b00000, 0x00000000c6c00000|  0%| F|  |TAMS 0x00000000c6b00000, 0x00000000c6b00000| Untracked 
|  72|0x00000000c6c00000, 0x00000000c6c00000, 0x00000000c6d00000|  0%| F|  |TAMS 0x00000000c6c00000, 0x00000000c6c00000| Untracked 
|  73|0x00000000c6d00000, 0x00000000c6d00000, 0x00000000c6e00000|  0%| F|  |TAMS 0x00000000c6d00000, 0x00000000c6d00000| Untracked 
|  74|0x00000000c6e00000, 0x00000000c6e00000, 0x00000000c6f00000|  0%| F|  |TAMS 0x00000000c6e00000, 0x00000000c6e00000| Untracked 
|  75|0x00000000c6f00000, 0x00000000c6f00000, 0x00000000c7000000|  0%| F|  |TAMS 0x00000000c6f00000, 0x00000000c6f00000| Untracked 
|  76|0x00000000c7000000, 0x00000000c7000000, 0x00000000c7100000|  0%| F|  |TAMS 0x00000000c7000000, 0x00000000c7000000| Untracked 
|  77|0x00000000c7100000, 0x00000000c7100000, 0x00000000c7200000|  0%| F|  |TAMS 0x00000000c7100000, 0x00000000c7100000| Untracked 
|  78|0x00000000c7200000, 0x00000000c7200000, 0x00000000c7300000|  0%| F|  |TAMS 0x00000000c7200000, 0x00000000c7200000| Untracked 
|  79|0x00000000c7300000, 0x00000000c7300000, 0x00000000c7400000|  0%| F|  |TAMS 0x00000000c7300000, 0x00000000c7300000| Untracked 
|  80|0x00000000c7400000, 0x00000000c7400000, 0x00000000c7500000|  0%| F|  |TAMS 0x00000000c7400000, 0x00000000c7400000| Untracked 
|  81|0x00000000c7500000, 0x00000000c7500000, 0x00000000c7600000|  0%| F|  |TAMS 0x00000000c7500000, 0x00000000c7500000| Untracked 
|  82|0x00000000c7600000, 0x00000000c7600000, 0x00000000c7700000|  0%| F|  |TAMS 0x00000000c7600000, 0x00000000c7600000| Untracked 
|  83|0x00000000c7700000, 0x00000000c7700000, 0x00000000c7800000|  0%| F|  |TAMS 0x00000000c7700000, 0x00000000c7700000| Untracked 
|  84|0x00000000c7800000, 0x00000000c7800000, 0x00000000c7900000|  0%| F|  |TAMS 0x00000000c7800000, 0x00000000c7800000| Untracked 
|  85|0x00000000c7900000, 0x00000000c7900000, 0x00000000c7a00000|  0%| F|  |TAMS 0x00000000c7900000, 0x00000000c7900000| Untracked 
|  86|0x00000000c7a00000, 0x00000000c7a00000, 0x00000000c7b00000|  0%| F|  |TAMS 0x00000000c7a00000, 0x00000000c7a00000| Untracked 
|  87|0x00000000c7b00000, 0x00000000c7b00000, 0x00000000c7c00000|  0%| F|  |TAMS 0x00000000c7b00000, 0x00000000c7b00000| Untracked 
|  88|0x00000000c7c00000, 0x00000000c7c00000, 0x00000000c7d00000|  0%| F|  |TAMS 0x00000000c7c00000, 0x00000000c7c00000| Untracked 
|  89|0x00000000c7d00000, 0x00000000c7d00000, 0x00000000c7e00000|  0%| F|  |TAMS 0x00000000c7d00000, 0x00000000c7d00000| Untracked 
|  90|0x00000000c7e00000, 0x00000000c7e00000, 0x00000000c7f00000|  0%| F|  |TAMS 0x00000000c7e00000, 0x00000000c7e00000| Untracked 
|  91|0x00000000c7f00000, 0x00000000c7f00000, 0x00000000c8000000|  0%| F|  |TAMS 0x00000000c7f00000, 0x00000000c7f00000| Untracked 
|  92|0x00000000c8000000, 0x00000000c8000000, 0x00000000c8100000|  0%| F|  |TAMS 0x00000000c8000000, 0x00000000c8000000| Untracked 
|  93|0x00000000c8100000, 0x00000000c8100000, 0x00000000c8200000|  0%| F|  |TAMS 0x00000000c8100000, 0x00000000c8100000| Untracked 
|  94|0x00000000c8200000, 0x00000000c8200000, 0x00000000c8300000|  0%| F|  |TAMS 0x00000000c8200000, 0x00000000c8200000| Untracked 
|  95|0x00000000c8300000, 0x00000000c8300000, 0x00000000c8400000|  0%| F|  |TAMS 0x00000000c8300000, 0x00000000c8300000| Untracked 
|  96|0x00000000c8400000, 0x00000000c8400000, 0x00000000c8500000|  0%| F|  |TAMS 0x00000000c8400000, 0x00000000c8400000| Untracked 
|  97|0x00000000c8500000, 0x00000000c8500000, 0x00000000c8600000|  0%| F|  |TAMS 0x00000000c8500000, 0x00000000c8500000| Untracked 
|  98|0x00000000c8600000, 0x00000000c8600000, 0x00000000c8700000|  0%| F|  |TAMS 0x00000000c8600000, 0x00000000c8600000| Untracked 
|  99|0x00000000c8700000, 0x00000000c8700000, 0x00000000c8800000|  0%| F|  |TAMS 0x00000000c8700000, 0x00000000c8700000| Untracked 
| 100|0x00000000c8800000, 0x00000000c8800000, 0x00000000c8900000|  0%| F|  |TAMS 0x00000000c8800000, 0x00000000c8800000| Untracked 
| 101|0x00000000c8900000, 0x00000000c8900000, 0x00000000c8a00000|  0%| F|  |TAMS 0x00000000c8900000, 0x00000000c8900000| Untracked 
| 102|0x00000000c8a00000, 0x00000000c8a00000, 0x00000000c8b00000|  0%| F|  |TAMS 0x00000000c8a00000, 0x00000000c8a00000| Untracked 
| 103|0x00000000c8b00000, 0x00000000c8b00000, 0x00000000c8c00000|  0%| F|  |TAMS 0x00000000c8b00000, 0x00000000c8b00000| Untracked 
| 104|0x00000000c8c00000, 0x00000000c8c00000, 0x00000000c8d00000|  0%| F|  |TAMS 0x00000000c8c00000, 0x00000000c8c00000| Untracked 
| 105|0x00000000c8d00000, 0x00000000c8d00000, 0x00000000c8e00000|  0%| F|  |TAMS 0x00000000c8d00000, 0x00000000c8d00000| Untracked 
| 106|0x00000000c8e00000, 0x00000000c8e00000, 0x00000000c8f00000|  0%| F|  |TAMS 0x00000000c8e00000, 0x00000000c8e00000| Untracked 
| 107|0x00000000c8f00000, 0x00000000c8f00000, 0x00000000c9000000|  0%| F|  |TAMS 0x00000000c8f00000, 0x00000000c8f00000| Untracked 
| 108|0x00000000c9000000, 0x00000000c9000000, 0x00000000c9100000|  0%| F|  |TAMS 0x00000000c9000000, 0x00000000c9000000| Untracked 
| 109|0x00000000c9100000, 0x00000000c9100000, 0x00000000c9200000|  0%| F|  |TAMS 0x00000000c9100000, 0x00000000c9100000| Untracked 
| 110|0x00000000c9200000, 0x00000000c9200000, 0x00000000c9300000|  0%| F|  |TAMS 0x00000000c9200000, 0x00000000c9200000| Untracked 
| 111|0x00000000c9300000, 0x00000000c9300000, 0x00000000c9400000|  0%| F|  |TAMS 0x00000000c9300000, 0x00000000c9300000| Untracked 
| 112|0x00000000c9400000, 0x00000000c9400000, 0x00000000c9500000|  0%| F|  |TAMS 0x00000000c9400000, 0x00000000c9400000| Untracked 
| 113|0x00000000c9500000, 0x00000000c9500000, 0x00000000c9600000|  0%| F|  |TAMS 0x00000000c9500000, 0x00000000c9500000| Untracked 
| 114|0x00000000c9600000, 0x00000000c9600000, 0x00000000c9700000|  0%| F|  |TAMS 0x00000000c9600000, 0x00000000c9600000| Untracked 
| 115|0x00000000c9700000, 0x00000000c9700000, 0x00000000c9800000|  0%| F|  |TAMS 0x00000000c9700000, 0x00000000c9700000| Untracked 
| 116|0x00000000c9800000, 0x00000000c9800000, 0x00000000c9900000|  0%| F|  |TAMS 0x00000000c9800000, 0x00000000c9800000| Untracked 
| 117|0x00000000c9900000, 0x00000000c9900000, 0x00000000c9a00000|  0%| F|  |TAMS 0x00000000c9900000, 0x00000000c9900000| Untracked 
| 118|0x00000000c9a00000, 0x00000000c9a00000, 0x00000000c9b00000|  0%| F|  |TAMS 0x00000000c9a00000, 0x00000000c9a00000| Untracked 
| 119|0x00000000c9b00000, 0x00000000c9b00000, 0x00000000c9c00000|  0%| F|  |TAMS 0x00000000c9b00000, 0x00000000c9b00000| Untracked 
| 120|0x00000000c9c00000, 0x00000000c9c00000, 0x00000000c9d00000|  0%| F|  |TAMS 0x00000000c9c00000, 0x00000000c9c00000| Untracked 
| 121|0x00000000c9d00000, 0x00000000c9d00000, 0x00000000c9e00000|  0%| F|  |TAMS 0x00000000c9d00000, 0x00000000c9d00000| Untracked 
| 122|0x00000000c9e00000, 0x00000000c9e00000, 0x00000000c9f00000|  0%| F|  |TAMS 0x00000000c9e00000, 0x00000000c9e00000| Untracked 
| 123|0x00000000c9f00000, 0x00000000c9f00000, 0x00000000ca000000|  0%| F|  |TAMS 0x00000000c9f00000, 0x00000000c9f00000| Untracked 
| 124|0x00000000ca000000, 0x00000000ca000000, 0x00000000ca100000|  0%| F|  |TAMS 0x00000000ca000000, 0x00000000ca000000| Untracked 
| 125|0x00000000ca100000, 0x00000000ca100000, 0x00000000ca200000|  0%| F|  |TAMS 0x00000000ca100000, 0x00000000ca100000| Untracked 
| 126|0x00000000ca200000, 0x00000000ca200000, 0x00000000ca300000|  0%| F|  |TAMS 0x00000000ca200000, 0x00000000ca200000| Untracked 
| 127|0x00000000ca300000, 0x00000000ca300000, 0x00000000ca400000|  0%| F|  |TAMS 0x00000000ca300000, 0x00000000ca300000| Untracked 
| 128|0x00000000ca400000, 0x00000000ca400000, 0x00000000ca500000|  0%| F|  |TAMS 0x00000000ca400000, 0x00000000ca400000| Untracked 
| 129|0x00000000ca500000, 0x00000000ca500000, 0x00000000ca600000|  0%| F|  |TAMS 0x00000000ca500000, 0x00000000ca500000| Untracked 
| 130|0x00000000ca600000, 0x00000000ca600000, 0x00000000ca700000|  0%| F|  |TAMS 0x00000000ca600000, 0x00000000ca600000| Untracked 
| 131|0x00000000ca700000, 0x00000000ca700000, 0x00000000ca800000|  0%| F|  |TAMS 0x00000000ca700000, 0x00000000ca700000| Untracked 
| 132|0x00000000ca800000, 0x00000000ca800000, 0x00000000ca900000|  0%| F|  |TAMS 0x00000000ca800000, 0x00000000ca800000| Untracked 
| 133|0x00000000ca900000, 0x00000000ca900000, 0x00000000caa00000|  0%| F|  |TAMS 0x00000000ca900000, 0x00000000ca900000| Untracked 
| 134|0x00000000caa00000, 0x00000000caa00000, 0x00000000cab00000|  0%| F|  |TAMS 0x00000000caa00000, 0x00000000caa00000| Untracked 
| 135|0x00000000cab00000, 0x00000000cab00000, 0x00000000cac00000|  0%| F|  |TAMS 0x00000000cab00000, 0x00000000cab00000| Untracked 
| 136|0x00000000cac00000, 0x00000000cac00000, 0x00000000cad00000|  0%| F|  |TAMS 0x00000000cac00000, 0x00000000cac00000| Untracked 
| 137|0x00000000cad00000, 0x00000000cad00000, 0x00000000cae00000|  0%| F|  |TAMS 0x00000000cad00000, 0x00000000cad00000| Untracked 
| 138|0x00000000cae00000, 0x00000000cae00000, 0x00000000caf00000|  0%| F|  |TAMS 0x00000000cae00000, 0x00000000cae00000| Untracked 
| 139|0x00000000caf00000, 0x00000000caf00000, 0x00000000cb000000|  0%| F|  |TAMS 0x00000000caf00000, 0x00000000caf00000| Untracked 
| 140|0x00000000cb000000, 0x00000000cb000000, 0x00000000cb100000|  0%| F|  |TAMS 0x00000000cb000000, 0x00000000cb000000| Untracked 
| 141|0x00000000cb100000, 0x00000000cb100000, 0x00000000cb200000|  0%| F|  |TAMS 0x00000000cb100000, 0x00000000cb100000| Untracked 
| 142|0x00000000cb200000, 0x00000000cb200000, 0x00000000cb300000|  0%| F|  |TAMS 0x00000000cb200000, 0x00000000cb200000| Untracked 
| 143|0x00000000cb300000, 0x00000000cb300000, 0x00000000cb400000|  0%| F|  |TAMS 0x00000000cb300000, 0x00000000cb300000| Untracked 
| 144|0x00000000cb400000, 0x00000000cb400000, 0x00000000cb500000|  0%| F|  |TAMS 0x00000000cb400000, 0x00000000cb400000| Untracked 
| 145|0x00000000cb500000, 0x00000000cb500000, 0x00000000cb600000|  0%| F|  |TAMS 0x00000000cb500000, 0x00000000cb500000| Untracked 
| 146|0x00000000cb600000, 0x00000000cb600000, 0x00000000cb700000|  0%| F|  |TAMS 0x00000000cb600000, 0x00000000cb600000| Untracked 
| 147|0x00000000cb700000, 0x00000000cb700000, 0x00000000cb800000|  0%| F|  |TAMS 0x00000000cb700000, 0x00000000cb700000| Untracked 
| 148|0x00000000cb800000, 0x00000000cb800000, 0x00000000cb900000|  0%| F|  |TAMS 0x00000000cb800000, 0x00000000cb800000| Untracked 
| 149|0x00000000cb900000, 0x00000000cb900000, 0x00000000cba00000|  0%| F|  |TAMS 0x00000000cb900000, 0x00000000cb900000| Untracked 
| 150|0x00000000cba00000, 0x00000000cba00000, 0x00000000cbb00000|  0%| F|  |TAMS 0x00000000cba00000, 0x00000000cba00000| Untracked 
| 151|0x00000000cbb00000, 0x00000000cbb00000, 0x00000000cbc00000|  0%| F|  |TAMS 0x00000000cbb00000, 0x00000000cbb00000| Untracked 
| 152|0x00000000cbc00000, 0x00000000cbc00000, 0x00000000cbd00000|  0%| F|  |TAMS 0x00000000cbc00000, 0x00000000cbc00000| Untracked 
| 153|0x00000000cbd00000, 0x00000000cbd00000, 0x00000000cbe00000|  0%| F|  |TAMS 0x00000000cbd00000, 0x00000000cbd00000| Untracked 
| 154|0x00000000cbe00000, 0x00000000cbe00000, 0x00000000cbf00000|  0%| F|  |TAMS 0x00000000cbe00000, 0x00000000cbe00000| Untracked 
| 155|0x00000000cbf00000, 0x00000000cbf00000, 0x00000000cc000000|  0%| F|  |TAMS 0x00000000cbf00000, 0x00000000cbf00000| Untracked 
| 156|0x00000000cc000000, 0x00000000cc000000, 0x00000000cc100000|  0%| F|  |TAMS 0x00000000cc000000, 0x00000000cc000000| Untracked 
| 157|0x00000000cc100000, 0x00000000cc100000, 0x00000000cc200000|  0%| F|  |TAMS 0x00000000cc100000, 0x00000000cc100000| Untracked 
| 158|0x00000000cc200000, 0x00000000cc200000, 0x00000000cc300000|  0%| F|  |TAMS 0x00000000cc200000, 0x00000000cc200000| Untracked 
| 159|0x00000000cc300000, 0x00000000cc300000, 0x00000000cc400000|  0%| F|  |TAMS 0x00000000cc300000, 0x00000000cc300000| Untracked 
| 160|0x00000000cc400000, 0x00000000cc400000, 0x00000000cc500000|  0%| F|  |TAMS 0x00000000cc400000, 0x00000000cc400000| Untracked 
| 161|0x00000000cc500000, 0x00000000cc500000, 0x00000000cc600000|  0%| F|  |TAMS 0x00000000cc500000, 0x00000000cc500000| Untracked 
| 162|0x00000000cc600000, 0x00000000cc600000, 0x00000000cc700000|  0%| F|  |TAMS 0x00000000cc600000, 0x00000000cc600000| Untracked 
| 163|0x00000000cc700000, 0x00000000cc700000, 0x00000000cc800000|  0%| F|  |TAMS 0x00000000cc700000, 0x00000000cc700000| Untracked 
| 164|0x00000000cc800000, 0x00000000cc800000, 0x00000000cc900000|  0%| F|  |TAMS 0x00000000cc800000, 0x00000000cc800000| Untracked 
| 165|0x00000000cc900000, 0x00000000cc900000, 0x00000000cca00000|  0%| F|  |TAMS 0x00000000cc900000, 0x00000000cc900000| Untracked 
| 166|0x00000000cca00000, 0x00000000cca00000, 0x00000000ccb00000|  0%| F|  |TAMS 0x00000000cca00000, 0x00000000cca00000| Untracked 
| 167|0x00000000ccb00000, 0x00000000ccb00000, 0x00000000ccc00000|  0%| F|  |TAMS 0x00000000ccb00000, 0x00000000ccb00000| Untracked 
| 168|0x00000000ccc00000, 0x00000000ccc00000, 0x00000000ccd00000|  0%| F|  |TAMS 0x00000000ccc00000, 0x00000000ccc00000| Untracked 
| 169|0x00000000ccd00000, 0x00000000ccd00000, 0x00000000cce00000|  0%| F|  |TAMS 0x00000000ccd00000, 0x00000000ccd00000| Untracked 
| 170|0x00000000cce00000, 0x00000000cce00000, 0x00000000ccf00000|  0%| F|  |TAMS 0x00000000cce00000, 0x00000000cce00000| Untracked 
| 171|0x00000000ccf00000, 0x00000000ccf00000, 0x00000000cd000000|  0%| F|  |TAMS 0x00000000ccf00000, 0x00000000ccf00000| Untracked 
| 172|0x00000000cd000000, 0x00000000cd000000, 0x00000000cd100000|  0%| F|  |TAMS 0x00000000cd000000, 0x00000000cd000000| Untracked 
| 173|0x00000000cd100000, 0x00000000cd100000, 0x00000000cd200000|  0%| F|  |TAMS 0x00000000cd100000, 0x00000000cd100000| Untracked 
| 174|0x00000000cd200000, 0x00000000cd200000, 0x00000000cd300000|  0%| F|  |TAMS 0x00000000cd200000, 0x00000000cd200000| Untracked 
| 175|0x00000000cd300000, 0x00000000cd300000, 0x00000000cd400000|  0%| F|  |TAMS 0x00000000cd300000, 0x00000000cd300000| Untracked 
| 176|0x00000000cd400000, 0x00000000cd400000, 0x00000000cd500000|  0%| F|  |TAMS 0x00000000cd400000, 0x00000000cd400000| Untracked 
| 177|0x00000000cd500000, 0x00000000cd500000, 0x00000000cd600000|  0%| F|  |TAMS 0x00000000cd500000, 0x00000000cd500000| Untracked 
| 178|0x00000000cd600000, 0x00000000cd600000, 0x00000000cd700000|  0%| F|  |TAMS 0x00000000cd600000, 0x00000000cd600000| Untracked 
| 179|0x00000000cd700000, 0x00000000cd700000, 0x00000000cd800000|  0%| F|  |TAMS 0x00000000cd700000, 0x00000000cd700000| Untracked 
| 180|0x00000000cd800000, 0x00000000cd800000, 0x00000000cd900000|  0%| F|  |TAMS 0x00000000cd800000, 0x00000000cd800000| Untracked 
| 181|0x00000000cd900000, 0x00000000cd900000, 0x00000000cda00000|  0%| F|  |TAMS 0x00000000cd900000, 0x00000000cd900000| Untracked 
| 182|0x00000000cda00000, 0x00000000cda00000, 0x00000000cdb00000|  0%| F|  |TAMS 0x00000000cda00000, 0x00000000cda00000| Untracked 
| 183|0x00000000cdb00000, 0x00000000cdb00000, 0x00000000cdc00000|  0%| F|  |TAMS 0x00000000cdb00000, 0x00000000cdb00000| Untracked 
| 184|0x00000000cdc00000, 0x00000000cdc00000, 0x00000000cdd00000|  0%| F|  |TAMS 0x00000000cdc00000, 0x00000000cdc00000| Untracked 
| 185|0x00000000cdd00000, 0x00000000cdd00000, 0x00000000cde00000|  0%| F|  |TAMS 0x00000000cdd00000, 0x00000000cdd00000| Untracked 
| 186|0x00000000cde00000, 0x00000000cde00000, 0x00000000cdf00000|  0%| F|  |TAMS 0x00000000cde00000, 0x00000000cde00000| Untracked 
| 187|0x00000000cdf00000, 0x00000000cdf00000, 0x00000000ce000000|  0%| F|  |TAMS 0x00000000cdf00000, 0x00000000cdf00000| Untracked 
| 188|0x00000000ce000000, 0x00000000ce000000, 0x00000000ce100000|  0%| F|  |TAMS 0x00000000ce000000, 0x00000000ce000000| Untracked 
| 189|0x00000000ce100000, 0x00000000ce100000, 0x00000000ce200000|  0%| F|  |TAMS 0x00000000ce100000, 0x00000000ce100000| Untracked 
| 190|0x00000000ce200000, 0x00000000ce200000, 0x00000000ce300000|  0%| F|  |TAMS 0x00000000ce200000, 0x00000000ce200000| Untracked 
| 191|0x00000000ce300000, 0x00000000ce300000, 0x00000000ce400000|  0%| F|  |TAMS 0x00000000ce300000, 0x00000000ce300000| Untracked 
| 192|0x00000000ce400000, 0x00000000ce400000, 0x00000000ce500000|  0%| F|  |TAMS 0x00000000ce400000, 0x00000000ce400000| Untracked 
| 193|0x00000000ce500000, 0x00000000ce500000, 0x00000000ce600000|  0%| F|  |TAMS 0x00000000ce500000, 0x00000000ce500000| Untracked 
| 194|0x00000000ce600000, 0x00000000ce600000, 0x00000000ce700000|  0%| F|  |TAMS 0x00000000ce600000, 0x00000000ce600000| Untracked 
| 195|0x00000000ce700000, 0x00000000ce700000, 0x00000000ce800000|  0%| F|  |TAMS 0x00000000ce700000, 0x00000000ce700000| Untracked 
| 196|0x00000000ce800000, 0x00000000ce800000, 0x00000000ce900000|  0%| F|  |TAMS 0x00000000ce800000, 0x00000000ce800000| Untracked 
| 197|0x00000000ce900000, 0x00000000ce900000, 0x00000000cea00000|  0%| F|  |TAMS 0x00000000ce900000, 0x00000000ce900000| Untracked 
| 198|0x00000000cea00000, 0x00000000cea00000, 0x00000000ceb00000|  0%| F|  |TAMS 0x00000000cea00000, 0x00000000cea00000| Untracked 
| 199|0x00000000ceb00000, 0x00000000ceb00000, 0x00000000cec00000|  0%| F|  |TAMS 0x00000000ceb00000, 0x00000000ceb00000| Untracked 
| 200|0x00000000cec00000, 0x00000000cec00000, 0x00000000ced00000|  0%| F|  |TAMS 0x00000000cec00000, 0x00000000cec00000| Untracked 
| 201|0x00000000ced00000, 0x00000000ced00000, 0x00000000cee00000|  0%| F|  |TAMS 0x00000000ced00000, 0x00000000ced00000| Untracked 
| 202|0x00000000cee00000, 0x00000000cee00000, 0x00000000cef00000|  0%| F|  |TAMS 0x00000000cee00000, 0x00000000cee00000| Untracked 
| 203|0x00000000cef00000, 0x00000000cef00000, 0x00000000cf000000|  0%| F|  |TAMS 0x00000000cef00000, 0x00000000cef00000| Untracked 
| 204|0x00000000cf000000, 0x00000000cf000000, 0x00000000cf100000|  0%| F|  |TAMS 0x00000000cf000000, 0x00000000cf000000| Untracked 
| 205|0x00000000cf100000, 0x00000000cf100000, 0x00000000cf200000|  0%| F|  |TAMS 0x00000000cf100000, 0x00000000cf100000| Untracked 
| 206|0x00000000cf200000, 0x00000000cf200000, 0x00000000cf300000|  0%| F|  |TAMS 0x00000000cf200000, 0x00000000cf200000| Untracked 
| 207|0x00000000cf300000, 0x00000000cf300000, 0x00000000cf400000|  0%| F|  |TAMS 0x00000000cf300000, 0x00000000cf300000| Untracked 
| 208|0x00000000cf400000, 0x00000000cf400000, 0x00000000cf500000|  0%| F|  |TAMS 0x00000000cf400000, 0x00000000cf400000| Untracked 
| 209|0x00000000cf500000, 0x00000000cf500000, 0x00000000cf600000|  0%| F|  |TAMS 0x00000000cf500000, 0x00000000cf500000| Untracked 
| 210|0x00000000cf600000, 0x00000000cf600000, 0x00000000cf700000|  0%| F|  |TAMS 0x00000000cf600000, 0x00000000cf600000| Untracked 
| 211|0x00000000cf700000, 0x00000000cf700000, 0x00000000cf800000|  0%| F|  |TAMS 0x00000000cf700000, 0x00000000cf700000| Untracked 
| 212|0x00000000cf800000, 0x00000000cf800000, 0x00000000cf900000|  0%| F|  |TAMS 0x00000000cf800000, 0x00000000cf800000| Untracked 
| 213|0x00000000cf900000, 0x00000000cf900000, 0x00000000cfa00000|  0%| F|  |TAMS 0x00000000cf900000, 0x00000000cf900000| Untracked 
| 214|0x00000000cfa00000, 0x00000000cfa00000, 0x00000000cfb00000|  0%| F|  |TAMS 0x00000000cfa00000, 0x00000000cfa00000| Untracked 
| 215|0x00000000cfb00000, 0x00000000cfb00000, 0x00000000cfc00000|  0%| F|  |TAMS 0x00000000cfb00000, 0x00000000cfb00000| Untracked 
| 216|0x00000000cfc00000, 0x00000000cfc00000, 0x00000000cfd00000|  0%| F|  |TAMS 0x00000000cfc00000, 0x00000000cfc00000| Untracked 
| 217|0x00000000cfd00000, 0x00000000cfd00000, 0x00000000cfe00000|  0%| F|  |TAMS 0x00000000cfd00000, 0x00000000cfd00000| Untracked 
| 218|0x00000000cfe00000, 0x00000000cfe00000, 0x00000000cff00000|  0%| F|  |TAMS 0x00000000cfe00000, 0x00000000cfe00000| Untracked 
| 219|0x00000000cff00000, 0x00000000cff00000, 0x00000000d0000000|  0%| F|  |TAMS 0x00000000cff00000, 0x00000000cff00000| Untracked 
| 220|0x00000000d0000000, 0x00000000d0000000, 0x00000000d0100000|  0%| F|  |TAMS 0x00000000d0000000, 0x00000000d0000000| Untracked 
| 221|0x00000000d0100000, 0x00000000d0100000, 0x00000000d0200000|  0%| F|  |TAMS 0x00000000d0100000, 0x00000000d0100000| Untracked 
| 222|0x00000000d0200000, 0x00000000d0256928, 0x00000000d0300000| 33%| S|CS|TAMS 0x00000000d0200000, 0x00000000d0200000| Complete 
| 223|0x00000000d0300000, 0x00000000d0300000, 0x00000000d0400000|  0%| F|  |TAMS 0x00000000d0300000, 0x00000000d0300000| Untracked 
| 224|0x00000000d0400000, 0x00000000d0400000, 0x00000000d0500000|  0%| F|  |TAMS 0x00000000d0400000, 0x00000000d0400000| Untracked 
| 225|0x00000000d0500000, 0x00000000d0500000, 0x00000000d0600000|  0%| F|  |TAMS 0x00000000d0500000, 0x00000000d0500000| Untracked 
| 226|0x00000000d0600000, 0x00000000d0600000, 0x00000000d0700000|  0%| F|  |TAMS 0x00000000d0600000, 0x00000000d0600000| Untracked 
| 227|0x00000000d0700000, 0x00000000d0700000, 0x00000000d0800000|  0%| F|  |TAMS 0x00000000d0700000, 0x00000000d0700000| Untracked 
| 228|0x00000000d0800000, 0x00000000d0800000, 0x00000000d0900000|  0%| F|  |TAMS 0x00000000d0800000, 0x00000000d0800000| Untracked 
| 229|0x00000000d0900000, 0x00000000d0900000, 0x00000000d0a00000|  0%| F|  |TAMS 0x00000000d0900000, 0x00000000d0900000| Untracked 
| 230|0x00000000d0a00000, 0x00000000d0a00000, 0x00000000d0b00000|  0%| F|  |TAMS 0x00000000d0a00000, 0x00000000d0a00000| Untracked 
| 231|0x00000000d0b00000, 0x00000000d0b00000, 0x00000000d0c00000|  0%| F|  |TAMS 0x00000000d0b00000, 0x00000000d0b00000| Untracked 
| 232|0x00000000d0c00000, 0x00000000d0c00000, 0x00000000d0d00000|  0%| F|  |TAMS 0x00000000d0c00000, 0x00000000d0c00000| Untracked 
| 233|0x00000000d0d00000, 0x00000000d0d00000, 0x00000000d0e00000|  0%| F|  |TAMS 0x00000000d0d00000, 0x00000000d0d00000| Untracked 
| 986|0x00000000ffe00000, 0x00000000ffe44000, 0x00000000fff00000| 26%|OA|  |TAMS 0x00000000ffe44000, 0x00000000ffe00000| Untracked 
| 987|0x00000000fff00000, 0x00000000fff6a000, 0x0000000100000000| 41%|CA|  |TAMS 0x00000000fff6a000, 0x00000000fff00000| Untracked 

Card table byte_map: [0x00007f1d2a035000,0x00007f1d2a223000] _byte_map_base: 0x00007f1d29a23000

Marking Bits (Prev, Next): (CMBitMap*) 0x00007f1d24044098, (CMBitMap*) 0x00007f1d240440d0
 Prev Bits: [0x00007f1d28ed7000, 0x00007f1d29e47000)
 Next Bits: [0x00007f1d07090000, 0x00007f1d08000000)

Polling page: 0x00007f1d2e742000

Metaspace:

Usage:
  Non-class:    162.43 MB capacity,   101.30 MB ( 62%) used,    59.00 MB ( 36%) free+waste,     2.12 MB (  1%) overhead. 
      Class:    567.34 MB capacity,    70.16 MB ( 12%) used,   495.08 MB ( 87%) free+waste,     2.09 MB ( <1%) overhead. 
       Both:    729.77 MB capacity,   171.47 MB ( 23%) used,   554.09 MB ( 76%) free+waste,     4.21 MB ( <1%) overhead. 

Virtual space:
  Non-class space:      164.00 MB reserved,     162.67 MB (>99%) committed 
      Class space:        1.00 GB reserved,     907.72 MB ( 89%) committed 
             Both:        1.16 GB reserved,       1.05 GB ( 90%) committed 

Chunk freelists:
   Non-Class:  0 bytes
       Class:  340.29 MB
        Both:  340.29 MB

MaxMetaspaceSize: unlimited
CompressedClassSpaceSize: 1.00 GB

CodeHeap 'non-profiled nmethods': size=120036Kb used=7863Kb max_used=8243Kb free=112172Kb
 bounds [0x00007f1d14405000, 0x00007f1d14c15000, 0x00007f1d1b93e000]
CodeHeap 'profiled nmethods': size=120032Kb used=9027Kb max_used=16788Kb free=111004Kb
 bounds [0x00007f1d0cecd000, 0x00007f1d0dfad000, 0x00007f1d14405000]
CodeHeap 'non-nmethods': size=5692Kb used=1307Kb max_used=1359Kb free=4384Kb
 bounds [0x00007f1d0c93e000, 0x00007f1d0cbae000, 0x00007f1d0cecd000]
 total_blobs=12650 nmethods=5851 adapters=597
 compilation: enabled
              stopped_count=0, restarted_count=0
 full_count=0

Compilation events (20 events):
Event: 2284.089 Thread 0x00007f1d2412c800 nmethod 8283 0x00007f1d0d1e1e90 code [0x00007f1d0d1e21c0, 0x00007f1d0d1e32b8]
Event: 2284.090 Thread 0x00007f1d2412a800 nmethod 8284 0x00007f1d14641b10 code [0x00007f1d14641d00, 0x00007f1d14642308]
Event: 2297.522 Thread 0x00007f1d2412c800 8285       1       io.siddhi.core.util.Scheduler::access$700 (5 bytes)
Event: 2303.050 Thread 0x00007f1d2412c800 nmethod 8285 0x00007f1d14597d90 code [0x00007f1d14597f40, 0x00007f1d14598030]
Event: 2316.906 Thread 0x00007f1d2412c800 8286       3       jdk.internal.module.IllegalAccessLogger::logIfExportedForIllegalAccess (61 bytes)
Event: 2323.933 Thread 0x00007f1d2412c800 nmethod 8286 0x00007f1d0d1cba90 code [0x00007f1d0d1cbd00, 0x00007f1d0d1cc7c8]
Event: 2324.773 Thread 0x00007f1d2412c800 8287   !   3       cs505pubsubcep.CEP.OutputSubscriber::onMessage (745 bytes)
Event: 2329.825 Thread 0x00007f1d2412c800 nmethod 8287 0x00007f1d0d6d5410 code [0x00007f1d0d6d67a0, 0x00007f1d0d6e3b38]
Event: 2347.483 Thread 0x00007f1d2412a800 8291   !   4       org.apache.derby.impl.services.locks.ConcurrentLockSet::unlock (45 bytes)
Event: 2352.507 Thread 0x00007f1d2412a800 nmethod 8291 0x00007f1d14670690 code [0x00007f1d146708e0, 0x00007f1d14671220]
Event: 2405.689 Thread 0x00007f1d2412a800 8292       4       org.apache.derby.impl.services.cache.ConcurrentCache::getEntry (94 bytes)
Event: 2407.971 Thread 0x00007f1d2412c800 8293   !   3       java.util.concurrent.ConcurrentHashMap::replaceNode (437 bytes)
Event: 2409.491 Thread 0x00007f1d2412c800 nmethod 8293 0x00007f1d0d207090 code [0x00007f1d0d207420, 0x00007f1d0d209578]
Event: 2410.515 Thread 0x00007f1d2412c800 8294       3       org.apache.derby.impl.services.cache.CacheEntry::lock (8 bytes)
Event: 2415.136 Thread 0x00007f1d2412c800 nmethod 8294 0x00007f1d0d16d690 code [0x00007f1d0d16d8a0, 0x00007f1d0d16de78]
Event: 2431.972 Thread 0x00007f1d2412c800 8296       3       org.apache.derby.impl.services.cache.CacheEntry::waitUntilIdentityIsSet (20 bytes)
Event: 2432.783 Thread 0x00007f1d2412c800 nmethod 8296 0x00007f1d0d0ab490 code [0x00007f1d0d0ab660, 0x00007f1d0d0ab908]
Event: 2438.959 Thread 0x00007f1d2412a800 nmethod 8292 0x00007f1d1466ec90 code [0x00007f1d1466ef40, 0x00007f1d1466fdc0]
Event: 2439.088 Thread 0x00007f1d2412a800 8295   !   4       java.util.concurrent.ConcurrentHashMap::replaceNode (437 bytes)
Event: 2459.543 Thread 0x00007f1d2412a800 nmethod 8295 0x00007f1d1466d410 code [0x00007f1d1466d5e0, 0x00007f1d1466e6c8]

GC Heap History (20 events):
Event: 2281.830 GC heap after
{Heap after GC invocations=682 (full 0):
 garbage-first heap   total 241664K, used 58307K [0x00000000c2400000, 0x0000000100000000)
  region size 1024K, 1 young (1024K), 1 survivors (1024K)
 Metaspace       used 169546K, capacity 716878K, committed 1090192K, reserved 1210368K
  class space    used 68946K, capacity 556339K, committed 929504K, reserved 1048576K
}
Event: 2281.882 GC heap before
{Heap before GC invocations=682 (full 0):
 garbage-first heap   total 241664K, used 69571K [0x00000000c2400000, 0x0000000100000000)
  region size 1024K, 12 young (12288K), 1 survivors (1024K)
 Metaspace       used 169764K, capacity 717974K, committed 1090448K, reserved 1210368K
  class space    used 69050K, capacity 557223K, committed 929504K, reserved 1048576K
}
Event: 2281.890 GC heap after
{Heap after GC invocations=683 (full 0):
 garbage-first heap   total 241664K, used 58301K [0x00000000c2400000, 0x0000000100000000)
  region size 1024K, 1 young (1024K), 1 survivors (1024K)
 Metaspace       used 169764K, capacity 717974K, committed 1090448K, reserved 1210368K
  class space    used 69050K, capacity 557223K, committed 929504K, reserved 1048576K
}
Event: 2282.002 GC heap before
{Heap before GC invocations=683 (full 0):
 garbage-first heap   total 241664K, used 73661K [0x00000000c2400000, 0x0000000100000000)
  region size 1024K, 16 young (16384K), 1 survivors (1024K)
 Metaspace       used 170081K, capacity 719570K, committed 1090704K, reserved 1210368K
  class space    used 69203K, capacity 558515K, committed 929504K, reserved 1048576K
}
Event: 2282.008 GC heap after
{Heap after GC invocations=684 (full 0):
 garbage-first heap   total 241664K, used 58385K [0x00000000c2400000, 0x0000000100000000)
  region size 1024K, 1 young (1024K), 1 survivors (1024K)
 Metaspace       used 170081K, capacity 719570K, committed 1090704K, reserved 1210368K
  class space    used 69203K, capacity 558515K, committed 929504K, reserved 1048576K
}
Event: 2282.175 GC heap before
{Heap before GC invocations=684 (full 0):
 garbage-first heap   total 241664K, used 78865K [0x00000000c2400000, 0x0000000100000000)
  region size 1024K, 21 young (21504K), 1 survivors (1024K)
 Metaspace       used 170481K, capacity 721586K, committed 1090960K, reserved 1210368K
  class space    used 69395K, capacity 560147K, committed 929504K, reserved 1048576K
}
Event: 2282.181 GC heap after
{Heap after GC invocations=685 (full 0):
 garbage-first heap   total 241664K, used 58479K [0x00000000c2400000, 0x0000000100000000)
  region size 1024K, 2 young (2048K), 2 survivors (2048K)
 Metaspace       used 170481K, capacity 721586K, committed 1090960K, reserved 1210368K
  class space    used 69395K, capacity 560147K, committed 929504K, reserved 1048576K
}
Event: 2282.482 GC heap before
{Heap before GC invocations=685 (full 0):
 garbage-first heap   total 241664K, used 84079K [0x00000000c2400000, 0x0000000100000000)
  region size 1024K, 27 young (27648K), 2 survivors (2048K)
 Metaspace       used 171007K, capacity 724232K, committed 1091472K, reserved 1212416K
  class space    used 69648K, capacity 562289K, committed 929504K, reserved 1048576K
}
Event: 2282.489 GC heap after
{Heap after GC invocations=686 (full 0):
 garbage-first heap   total 241664K, used 58586K [0x00000000c2400000, 0x0000000100000000)
  region size 1024K, 2 young (2048K), 2 survivors (2048K)
 Metaspace       used 171007K, capacity 724232K, committed 1091472K, reserved 1212416K
  class space    used 69648K, capacity 562289K, committed 929504K, reserved 1048576K
}
Event: 2282.761 GC heap before
{Heap before GC invocations=686 (full 0):
 garbage-first heap   total 241664K, used 93402K [0x00000000c2400000, 0x0000000100000000)
  region size 1024K, 36 young (36864K), 2 survivors (2048K)
 Metaspace       used 171740K, capacity 727928K, committed 1092240K, reserved 1212416K
  class space    used 70000K, capacity 565281K, committed 929504K, reserved 1048576K
}
Event: 2282.768 GC heap after
{Heap after GC invocations=687 (full 0):
 garbage-first heap   total 241664K, used 58715K [0x00000000c2400000, 0x0000000100000000)
  region size 1024K, 2 young (2048K), 2 survivors (2048K)
 Metaspace       used 171740K, capacity 727928K, committed 1092240K, reserved 1212416K
  class space    used 70000K, capacity 565281K, committed 929504K, reserved 1048576K
}
Event: 2283.173 GC heap before
{Heap before GC invocations=687 (full 0):
 garbage-first heap   total 241664K, used 107867K [0x00000000c2400000, 0x0000000100000000)
  region size 1024K, 50 young (51200K), 2 survivors (2048K)
 Metaspace       used 172724K, capacity 732884K, committed 1093264K, reserved 1212416K
  class space    used 70473K, capacity 569293K, committed 929504K, reserved 1048576K
}
Event: 2283.188 GC heap after
{Heap after GC invocations=688 (full 0):
 garbage-first heap   total 241664K, used 58901K [0x00000000c2400000, 0x0000000100000000)
  region size 1024K, 2 young (2048K), 2 survivors (2048K)
 Metaspace       used 172724K, capacity 732884K, committed 1093264K, reserved 1212416K
  class space    used 70473K, capacity 569293K, committed 929504K, reserved 1048576K
}
Event: 2283.797 GC heap before
{Heap before GC invocations=688 (full 0):
 garbage-first heap   total 241664K, used 127509K [0x00000000c2400000, 0x0000000100000000)
  region size 1024K, 69 young (70656K), 2 survivors (2048K)
 Metaspace       used 174117K, capacity 739898K, committed 1094544K, reserved 1214464K
  class space    used 71142K, capacity 574971K, committed 929504K, reserved 1048576K
}
Event: 2283.805 GC heap after
{Heap after GC invocations=689 (full 0):
 garbage-first heap   total 241664K, used 59174K [0x00000000c2400000, 0x0000000100000000)
  region size 1024K, 2 young (2048K), 2 survivors (2048K)
 Metaspace       used 174117K, capacity 739898K, committed 1094544K, reserved 1214464K
  class space    used 71142K, capacity 574971K, committed 929504K, reserved 1048576K
}
Event: 2390.068 GC heap before
{Heap before GC invocations=689 (full 0):
 garbage-first heap   total 241664K, used 154406K [0x00000000c2400000, 0x0000000100000000)
  region size 1024K, 95 young (97280K), 2 survivors (2048K)
 Metaspace       used 175235K, capacity 745520K, committed 1095568K, reserved 1216512K
  class space    used 71680K, capacity 579528K, committed 929504K, reserved 1048576K
}
Event: 2393.965 GC heap after
{Heap after GC invocations=690 (full 0):
 garbage-first heap   total 241664K, used 60191K [0x00000000c2400000, 0x0000000100000000)
  region size 1024K, 3 young (3072K), 3 survivors (3072K)
 Metaspace       used 175235K, capacity 745520K, committed 1095568K, reserved 1216512K
  class space    used 71680K, capacity 579528K, committed 929504K, reserved 1048576K
}
Event: 2460.961 GC heap before
{Heap before GC invocations=690 (full 0):
 garbage-first heap   total 241664K, used 68383K [0x00000000c2400000, 0x0000000100000000)
  region size 1024K, 11 young (11264K), 3 survivors (3072K)
 Metaspace       used 175377K, capacity 746234K, committed 1095824K, reserved 1216512K
  class space    used 71748K, capacity 580106K, committed 929504K, reserved 1048576K
}
Event: 2462.118 GC heap after
{Heap after GC invocations=691 (full 0):
 garbage-first heap   total 241664K, used 60134K [0x00000000c2400000, 0x0000000100000000)
  region size 1024K, 1 young (1024K), 1 survivors (1024K)
 Metaspace       used 175377K, capacity 746234K, committed 1095824K, reserved 1216512K
  class space    used 71748K, capacity 580106K, committed 929504K, reserved 1048576K
}
Event: 2468.271 GC heap before
{Heap before GC invocations=691 (full 0):
 garbage-first heap   total 241664K, used 70374K [0x00000000c2400000, 0x0000000100000000)
  region size 1024K, 11 young (11264K), 1 survivors (1024K)
 Metaspace       used 175584K, capacity 747280K, committed 1096080K, reserved 1216512K
  class space    used 71848K, capacity 580956K, committed 929504K, reserved 1048576K
}

Deoptimization events (20 events):
Event: 2284.068 Thread 0x00007f1cd001f800 Uncommon trap: trap_request=0x000000cf fr.pc=0x00007f1d14b38d20 relative=0x0000000000000a20
Event: 2284.068 Thread 0x00007f1cd001f800 Uncommon trap: reason=unloaded action=reinterpret pc=0x00007f1d14b38d20 method=com.google.gson.Gson.fromJson(Lcom/google/gson/stream/JsonReader;Ljava/lang/reflect/Type;)Ljava/lang/Object; @ 85 c2
Event: 2284.068 Thread 0x00007f1cd001f800 DEOPT PACKING pc=0x00007f1d14b38d20 sp=0x00007f1cceaeb870
Event: 2284.068 Thread 0x00007f1cd001f800 DEOPT UNPACKING pc=0x00007f1d0c945e25 sp=0x00007f1cceaeb818 mode 2
Event: 2401.164 Thread 0x00007f1cdc0ab000 Uncommon trap: trap_request=0xffffff5c fr.pc=0x00007f1d14c0dd70 relative=0x0000000000000bb0
Event: 2401.190 Thread 0x00007f1cdc0ab000 Uncommon trap: reason=speculate_null_assert action=make_not_entrant pc=0x00007f1d14c0dd70 method=org.apache.derby.impl.services.cache.ConcurrentCache.getEntry(Ljava/lang/Object;)Lorg/apache/derby/impl/services/cache/CacheEntry; @ 80 c2
Event: 2401.318 Thread 0x00007f1cdc0ab000 DEOPT PACKING pc=0x00007f1d14c0dd70 sp=0x00007f1ccd7996c0
Event: 2401.576 Thread 0x00007f1cdc0ab000 DEOPT UNPACKING pc=0x00007f1d0c945e25 sp=0x00007f1ccd799688 mode 2
Event: 2407.833 Thread 0x00007f1cd0017000 Uncommon trap: trap_request=0xffffff4d fr.pc=0x00007f1d14be2aac relative=0x0000000000000fcc
Event: 2407.869 Thread 0x00007f1cd0017000 Uncommon trap: reason=unstable_if action=reinterpret pc=0x00007f1d14be2aac method=java.util.concurrent.ConcurrentHashMap.addCount(JI)V @ 68 c2
Event: 2407.870 Thread 0x00007f1cd0017000 DEOPT PACKING pc=0x00007f1d14be2aac sp=0x00007f1ccfefc380
Event: 2407.914 Thread 0x00007f1cd0017000 DEOPT UNPACKING pc=0x00007f1d0c945e25 sp=0x00007f1ccfefc258 mode 2
Event: 2410.437 Thread 0x00007f1cd0017000 Uncommon trap: trap_request=0xffffff4d fr.pc=0x00007f1d145ee1f4 relative=0x0000000000000234
Event: 2410.442 Thread 0x00007f1cd0017000 Uncommon trap: reason=unstable_if action=reinterpret pc=0x00007f1d145ee1f4 method=java.util.concurrent.locks.AbstractQueuedSynchronizer.acquire(I)V @ 5 c2
Event: 2410.445 Thread 0x00007f1cd0017000 DEOPT PACKING pc=0x00007f1d145ee1f4 sp=0x00007f1ccfefc5a0
Event: 2410.465 Thread 0x00007f1cd0017000 DEOPT UNPACKING pc=0x00007f1d0c945e25 sp=0x00007f1ccfefc498 mode 2
Event: 2430.703 Thread 0x00007f1cdc0ab000 Uncommon trap: trap_request=0xffffff4d fr.pc=0x00007f1d14be4a08 relative=0x0000000000000068
Event: 2430.864 Thread 0x00007f1cdc0ab000 Uncommon trap: reason=unstable_if action=reinterpret pc=0x00007f1d14be4a08 method=org.apache.derby.impl.services.cache.CacheEntry.waitUntilIdentityIsSet()V @ 4 c2
Event: 2431.238 Thread 0x00007f1cdc0ab000 DEOPT PACKING pc=0x00007f1d14be4a08 sp=0x00007f1ccd799650
Event: 2431.320 Thread 0x00007f1cdc0ab000 DEOPT UNPACKING pc=0x00007f1d0c945e25 sp=0x00007f1ccd799610 mode 2

Classes redefined (0 events):
No events

Internal exceptions (20 events):
Event: 1807.059 Thread 0x00007f1cd001e000 Implicit null exception at 0x00007f1d1448a755 to 0x00007f1d1448ab1e
Event: 1823.043 Thread 0x00007f1cd001e000 Exception <a 'java/lang/NoSuchMethodError'{0x00000000c8ffe310}: 'java.lang.Object java.lang.invoke.DirectMethodHandle$Holder.invokeStatic(java.lang.Object, java.lang.Object, java.lang.Object, java.lang.Object, java.lang.Object, java.lang.Object, java.lang
Event: 1823.046 Thread 0x00007f1cd001e000 Exception <a 'java/lang/NoSuchMethodError'{0x00000000c8e0f520}: 'java.lang.Object java.lang.invoke.DirectMethodHandle$Holder.invokeStatic(java.lang.Object, java.lang.Object, java.lang.Object, java.lang.Object, java.lang.Object, java.lang.Object, java.lang
Event: 1823.047 Thread 0x00007f1cd001e000 Exception <a 'java/lang/NoSuchMethodError'{0x00000000c8e20198}: 'java.lang.Object java.lang.invoke.DirectMethodHandle$Holder.invokeSpecial(java.lang.Object, java.lang.Object, int, int, java.lang.Object, java.lang.Object, int)'> (0x00000000c8e20198) thrown
Event: 1823.054 Thread 0x00007f1cd001e000 Exception <a 'java/lang/NoSuchMethodError'{0x00000000c8e244d8}: 'java.lang.Object java.lang.invoke.DelegatingMethodHandle$Holder.reinvoke_L(java.lang.Object, int, int, java.lang.Object, java.lang.Object, int)'> (0x00000000c8e244d8) thrown at [/build/openj
Event: 1823.071 Thread 0x00007f1cd001e000 Exception <a 'java/lang/NoSuchMethodError'{0x00000000c8e34cd0}: 'java.lang.Object java.lang.invoke.DirectMethodHandle$Holder.invokeStatic(java.lang.Object, java.lang.Object, java.lang.Object, java.lang.Object, java.lang.Object, java.lang.Object, int)'> (0
Event: 1823.078 Thread 0x00007f1cd001e000 Exception <a 'java/lang/NoSuchMethodError'{0x00000000c8e95e90}: 'java.lang.Object java.lang.invoke.DirectMethodHandle$Holder.invokeSpecial(java.lang.Object, java.lang.Object, java.lang.Object, java.lang.Object, int)'> (0x00000000c8e95e90) thrown at [/buil
Event: 1823.078 Thread 0x00007f1cd001e000 Exception <a 'java/lang/NoSuchMethodError'{0x00000000c8e9a248}: 'java.lang.Object java.lang.invoke.Invokers$Holder.linkToTargetMethod(java.lang.Object, java.lang.Object, int, java.lang.Object)'> (0x00000000c8e9a248) thrown at [/build/openjdk-lts-ioLltV/op
Event: 1823.629 Thread 0x00007f1cd001e000 Implicit null exception at 0x00007f1d14815070 to 0x00007f1d14815177
Event: 1823.687 Thread 0x00007f1cd001e000 Implicit null exception at 0x00007f1d1474fa10 to 0x00007f1d1475095a
Event: 1823.735 Thread 0x00007f1cd001e000 Implicit null exception at 0x00007f1d14b5d920 to 0x00007f1d14b5eb92
Event: 1824.129 Thread 0x00007f1cd001e000 Implicit null exception at 0x00007f1d14a83201 to 0x00007f1d14a8c762
Event: 1824.144 Thread 0x00007f1cd001e000 Implicit null exception at 0x00007f1d1499d2b4 to 0x00007f1d1499dd60
Event: 1824.148 Thread 0x00007f1cd001e000 Implicit null exception at 0x00007f1d1498a56e to 0x00007f1d1498be9a
Event: 1824.148 Thread 0x00007f1cd001e000 Implicit null exception at 0x00007f1d14911302 to 0x00007f1d149114f6
Event: 1824.178 Thread 0x00007f1cd001e000 Implicit null exception at 0x00007f1d148c9806 to 0x00007f1d148caece
Event: 1824.254 Thread 0x00007f1cd001e000 Implicit null exception at 0x00007f1d1499603b to 0x00007f1d14996802
Event: 1824.585 Thread 0x00007f1cd001e000 Implicit null exception at 0x00007f1d1488c213 to 0x00007f1d1488cb5a
Event: 1824.586 Thread 0x00007f1cd001e000 Implicit null exception at 0x00007f1d14a25804 to 0x00007f1d14a26822
Event: 2407.787 Thread 0x00007f1cd0017000 Implicit null exception at 0x00007f1d14be1e73 to 0x00007f1d14be2a96

Events (20 events):
Event: 2282.743 Executing VM operation: G1CollectForAllocation
Event: 2282.768 Executing VM operation: G1CollectForAllocation done
Event: 2282.786 Thread 0x00007f1d2412e800 flushing nmethod 0x00007f1d14626190
Event: 2282.788 Thread 0x00007f1d2412e800 flushing nmethod 0x00007f1d1499a410
Event: 2282.794 Thread 0x00007f1d2412e800 flushing nmethod 0x00007f1d0d26c690
Event: 2282.794 Thread 0x00007f1d2412e800 flushing nmethod 0x00007f1d0d30fb10
Event: 2282.795 Thread 0x00007f1d2412e800 flushing nmethod 0x00007f1d0d6d4990
Event: 2282.796 Thread 0x00007f1d2412e800 flushing nmethod 0x00007f1d0db1bb90
Event: 2282.796 Thread 0x00007f1d2412e800 flushing nmethod 0x00007f1d0dc18f10
Event: 2283.172 Executing VM operation: G1CollectForAllocation
Event: 2283.188 Executing VM operation: G1CollectForAllocation done
Event: 2283.747 Executing VM operation: G1CollectForAllocation
Event: 2283.806 Executing VM operation: G1CollectForAllocation done
Event: 2303.134 Executing VM operation: RevokeBias
Event: 2312.364 Executing VM operation: RevokeBias done
Event: 2388.936 Executing VM operation: G1CollectForAllocation
Event: 2394.444 Executing VM operation: G1CollectForAllocation done
Event: 2460.911 Executing VM operation: G1CollectForAllocation
Event: 2462.223 Executing VM operation: G1CollectForAllocation done
Event: 2468.252 Executing VM operation: G1CollectForAllocation


Dynamic libraries:
c2400000-d0e00000 rw-p 00000000 00:00 0 
d9300000-ffe00000 ---p 00000000 00:00 0 
ffe00000-ffe44000 rw-p 01104000 fc:01 1305857                            /usr/lib/jvm/java-11-openjdk-amd64/lib/server/classes.jsa
ffe44000-fff00000 rw-p 00000000 00:00 0 
fff00000-fff6a000 rw-p 0109a000 fc:01 1305857                            /usr/lib/jvm/java-11-openjdk-amd64/lib/server/classes.jsa
fff6a000-100000000 rw-p 00000000 00:00 0 
800000000-800002000 rwxp 00001000 fc:01 1305857                          /usr/lib/jvm/java-11-openjdk-amd64/lib/server/classes.jsa
800002000-8003b8000 rw-p 00003000 fc:01 1305857                          /usr/lib/jvm/java-11-openjdk-amd64/lib/server/classes.jsa
8003b8000-800a8c000 r--p 003b9000 fc:01 1305857                          /usr/lib/jvm/java-11-openjdk-amd64/lib/server/classes.jsa
800a8c000-800a8d000 rw-p 00a8d000 fc:01 1305857                          /usr/lib/jvm/java-11-openjdk-amd64/lib/server/classes.jsa
800a8d000-801099000 r--p 00a8e000 fc:01 1305857                          /usr/lib/jvm/java-11-openjdk-amd64/lib/server/classes.jsa
840000000-878bb8000 rw-p 00000000 00:00 0 
878bb8000-880000000 ---p 00000000 00:00 0 
55daa7726000-55daa7727000 r-xp 00000000 fc:01 1318783                    /usr/lib/jvm/java-11-openjdk-amd64/bin/java
55daa7927000-55daa7928000 r--p 00001000 fc:01 1318783                    /usr/lib/jvm/java-11-openjdk-amd64/bin/java
55daa7928000-55daa7929000 rw-p 00002000 fc:01 1318783                    /usr/lib/jvm/java-11-openjdk-amd64/bin/java
55daa8ad7000-55daa8b8c000 rw-p 00000000 00:00 0                          [heap]
7f1ca4000000-7f1ca6e81000 rw-p 00000000 00:00 0 
7f1ca6e81000-7f1ca8000000 ---p 00000000 00:00 0 
7f1cac000000-7f1cacfdb000 rw-p 00000000 00:00 0 
7f1cacfdb000-7f1cb0000000 ---p 00000000 00:00 0 
7f1cb0000000-7f1cb3fd0000 rw-p 00000000 00:00 0 
7f1cb3fd0000-7f1cb4000000 ---p 00000000 00:00 0 
7f1cb4000000-7f1cb4304000 rw-p 00000000 00:00 0 
7f1cb4304000-7f1cb8000000 ---p 00000000 00:00 0 
7f1cbbe00000-7f1cbc000000 rw-p 00000000 00:00 0 
7f1cbc000000-7f1cbd5b2000 rw-p 00000000 00:00 0 
7f1cbd5b2000-7f1cc0000000 ---p 00000000 00:00 0 
7f1cc019a000-7f1cc039a000 rw-p 00000000 00:00 0 
7f1cc039a000-7f1cc059a000 rw-p 00000000 00:00 0 
7f1cc059a000-7f1cc079a000 rw-p 00000000 00:00 0 
7f1cc079a000-7f1cc099a000 rw-p 00000000 00:00 0 
7f1cc599a000-7f1cc5a5a000 rw-p 00000000 00:00 0 
7f1cc5a5a000-7f1cc5b9a000 ---p 00000000 00:00 0 
7f1cc5b9a000-7f1cc5d9a000 rw-p 00000000 00:00 0 
7f1cc5d9a000-7f1cc5f9a000 rw-p 00000000 00:00 0 
7f1cc5f9a000-7f1cc619a000 rw-p 00000000 00:00 0 
7f1cc619a000-7f1cc639a000 rw-p 00000000 00:00 0 
7f1cc639a000-7f1cc659a000 rw-p 00000000 00:00 0 
7f1cc659a000-7f1cc679a000 rw-p 00000000 00:00 0 
7f1cc679a000-7f1cc699a000 rw-p 00000000 00:00 0 
7f1cc699a000-7f1cc6b9a000 rw-p 00000000 00:00 0 
7f1cc6b9a000-7f1cc6d9a000 rw-p 00000000 00:00 0 
7f1cc6d9a000-7f1cc6f9a000 rw-p 00000000 00:00 0 
7f1cc6f9a000-7f1cc719a000 rw-p 00000000 00:00 0 
7f1cc719a000-7f1cc739a000 rw-p 00000000 00:00 0 
7f1cc739a000-7f1cc759a000 rw-p 00000000 00:00 0 
7f1cc759a000-7f1cc779a000 rw-p 00000000 00:00 0 
7f1cc779a000-7f1cc799a000 rw-p 00000000 00:00 0 
7f1cc799a000-7f1cc7b9a000 rw-p 00000000 00:00 0 
7f1cc7b9a000-7f1cc7d9a000 rw-p 00000000 00:00 0 
7f1cc7d9a000-7f1cc7f9a000 rw-p 00000000 00:00 0 
7f1cc7f9a000-7f1cc819a000 rw-p 00000000 00:00 0 
7f1cc819a000-7f1cc839a000 rw-p 00000000 00:00 0 
7f1cc839a000-7f1cc859a000 rw-p 00000000 00:00 0 
7f1cc859a000-7f1cc879a000 rw-p 00000000 00:00 0 
7f1cc879a000-7f1cc899a000 rw-p 00000000 00:00 0 
7f1cc899a000-7f1cc8b9a000 rw-p 00000000 00:00 0 
7f1cc8b9a000-7f1cc8d9a000 rw-p 00000000 00:00 0 
7f1cc8d9a000-7f1cc8f9a000 rw-p 00000000 00:00 0 
7f1cc8f9a000-7f1cc919a000 rw-p 00000000 00:00 0 
7f1cc919a000-7f1cc939a000 rw-p 00000000 00:00 0 
7f1cc939a000-7f1cc959a000 rw-p 00000000 00:00 0 
7f1cc959a000-7f1cc979a000 rw-p 00000000 00:00 0 
7f1cc979a000-7f1cc999a000 rw-p 00000000 00:00 0 
7f1cc999a000-7f1cc9d9a000 rw-p 00000000 00:00 0 
7f1cc9d9a000-7f1cc9f9a000 rw-p 00000000 00:00 0 
7f1cc9f9a000-7f1cca19a000 rw-p 00000000 00:00 0 
7f1cca19a000-7f1cca59a000 rw-p 00000000 00:00 0 
7f1cca59a000-7f1cca79a000 rw-p 00000000 00:00 0 
7f1cca79a000-7f1cca99a000 rw-p 00000000 00:00 0 
7f1cca99a000-7f1ccab9a000 rw-p 00000000 00:00 0 
7f1ccab9a000-7f1ccad9a000 rw-p 00000000 00:00 0 
7f1ccad9a000-7f1ccaf9a000 rw-p 00000000 00:00 0 
7f1ccaf9a000-7f1ccb19a000 rw-p 00000000 00:00 0 
7f1ccb19a000-7f1ccb39a000 rw-p 00000000 00:00 0 
7f1ccb39a000-7f1ccb59a000 rw-p 00000000 00:00 0 
7f1ccb59a000-7f1ccb79a000 rw-p 00000000 00:00 0 
7f1ccb79a000-7f1ccb99a000 rw-p 00000000 00:00 0 
7f1ccb99a000-7f1ccbd9a000 rw-p 00000000 00:00 0 
7f1ccbd9a000-7f1ccbf9a000 rw-p 00000000 00:00 0 
7f1ccbf9a000-7f1ccc39a000 rw-p 00000000 00:00 0 
7f1ccc39a000-7f1ccc59a000 rw-p 00000000 00:00 0 
7f1ccc59a000-7f1ccc79a000 rw-p 00000000 00:00 0 
7f1ccc79a000-7f1ccc99a000 rw-p 00000000 00:00 0 
7f1ccc99a000-7f1cccb9a000 rw-p 00000000 00:00 0 
7f1cccb9a000-7f1cccd9a000 rw-p 00000000 00:00 0 
7f1cccd9a000-7f1cccf9a000 rw-p 00000000 00:00 0 
7f1cccf9a000-7f1ccd19a000 rw-p 00000000 00:00 0 
7f1ccd19a000-7f1ccd39a000 rw-p 00000000 00:00 0 
7f1ccd39a000-7f1ccd39e000 ---p 00000000 00:00 0 
7f1ccd39e000-7f1ccd69b000 rw-p 00000000 00:00 0 
7f1ccd69b000-7f1ccd69f000 ---p 00000000 00:00 0 
7f1ccd69f000-7f1ccd79c000 rw-p 00000000 00:00 0 
7f1ccd79c000-7f1ccd7a0000 ---p 00000000 00:00 0 
7f1ccd7a0000-7f1ccda9d000 rw-p 00000000 00:00 0 
7f1ccda9d000-7f1ccdaa1000 ---p 00000000 00:00 0 
7f1ccdaa1000-7f1ccdd9e000 rw-p 00000000 00:00 0 
7f1ccdd9e000-7f1ccdda2000 ---p 00000000 00:00 0 
7f1ccdda2000-7f1ccde9f000 rw-p 00000000 00:00 0 
7f1ccde9f000-7f1ccdea3000 ---p 00000000 00:00 0 
7f1ccdea3000-7f1ccdfa0000 rw-p 00000000 00:00 0 
7f1ccdfa0000-7f1ccdfa4000 ---p 00000000 00:00 0 
7f1ccdfa4000-7f1cce0a1000 rw-p 00000000 00:00 0 
7f1cce0a1000-7f1cce0a5000 ---p 00000000 00:00 0 
7f1cce0a5000-7f1cce1a2000 rw-p 00000000 00:00 0 
7f1cce1a2000-7f1cce1a6000 ---p 00000000 00:00 0 
7f1cce1a6000-7f1cce2a3000 rw-p 00000000 00:00 0 
7f1cce2a3000-7f1cce2a7000 ---p 00000000 00:00 0 
7f1cce2a7000-7f1cce3a4000 rw-p 00000000 00:00 0 
7f1cce3a4000-7f1cce3a8000 ---p 00000000 00:00 0 
7f1cce3a8000-7f1cce6a5000 rw-p 00000000 00:00 0 
7f1cce6a5000-7f1cce8a5000 rw-p 00000000 00:00 0 
7f1cce8ec000-7f1cce8f0000 ---p 00000000 00:00 0 
7f1cce8f0000-7f1cce9ed000 rw-p 00000000 00:00 0 
7f1cce9ed000-7f1cce9f1000 ---p 00000000 00:00 0 
7f1cce9f1000-7f1ccecee000 rw-p 00000000 00:00 0 
7f1ccecee000-7f1ccecf2000 ---p 00000000 00:00 0 
7f1ccecf2000-7f1ccefdb000 rw-p 00000000 00:00 0 
7f1ccefdb000-7f1ccefef000 ---p 00000000 00:00 0 
7f1ccefef000-7f1ccf1ef000 rw-p 00000000 00:00 0 
7f1ccf1ef000-7f1ccf1f3000 ---p 00000000 00:00 0 
7f1ccf1f3000-7f1ccf4f0000 rw-p 00000000 00:00 0 
7f1ccf4f0000-7f1ccf4f4000 ---p 00000000 00:00 0 
7f1ccf4f4000-7f1ccf5f1000 rw-p 00000000 00:00 0 
7f1ccf5f1000-7f1ccf5f6000 r-xp 00000000 fc:01 1319407                    /usr/lib/jvm/java-11-openjdk-amd64/lib/libmanagement_ext.so
7f1ccf5f6000-7f1ccf7f5000 ---p 00005000 fc:01 1319407                    /usr/lib/jvm/java-11-openjdk-amd64/lib/libmanagement_ext.so
7f1ccf7f5000-7f1ccf7f6000 r--p 00004000 fc:01 1319407                    /usr/lib/jvm/java-11-openjdk-amd64/lib/libmanagement_ext.so
7f1ccf7f6000-7f1ccf7f7000 rw-p 00005000 fc:01 1319407                    /usr/lib/jvm/java-11-openjdk-amd64/lib/libmanagement_ext.so
7f1ccf7f7000-7f1ccf7fb000 ---p 00000000 00:00 0 
7f1ccf7fb000-7f1ccf8f8000 rw-p 00000000 00:00 0 
7f1ccf8f8000-7f1ccf8fc000 r-xp 00000000 fc:01 1319405                    /usr/lib/jvm/java-11-openjdk-amd64/lib/libmanagement.so
7f1ccf8fc000-7f1ccfafb000 ---p 00004000 fc:01 1319405                    /usr/lib/jvm/java-11-openjdk-amd64/lib/libmanagement.so
7f1ccfafb000-7f1ccfafc000 r--p 00003000 fc:01 1319405                    /usr/lib/jvm/java-11-openjdk-amd64/lib/libmanagement.so
7f1ccfafc000-7f1ccfafd000 rw-p 00004000 fc:01 1319405                    /usr/lib/jvm/java-11-openjdk-amd64/lib/libmanagement.so
7f1ccfafd000-7f1ccfb01000 ---p 00000000 00:00 0 
7f1ccfb01000-7f1ccfdfe000 rw-p 00000000 00:00 0 
7f1ccfdfe000-7f1ccfe02000 ---p 00000000 00:00 0 
7f1ccfe02000-7f1ccfeff000 rw-p 00000000 00:00 0 
7f1ccfeff000-7f1ccff03000 ---p 00000000 00:00 0 
7f1ccff03000-7f1cd0000000 rw-p 00000000 00:00 0 
7f1cd0000000-7f1cd0024000 rw-p 00000000 00:00 0 
7f1cd0024000-7f1cd4000000 ---p 00000000 00:00 0 
7f1cd4000000-7f1cd402d000 rw-p 00000000 00:00 0 
7f1cd402d000-7f1cd8000000 ---p 00000000 00:00 0 
7f1cd8000000-7f1cdbff8000 rw-p 00000000 00:00 0 
7f1cdbff8000-7f1cdc000000 ---p 00000000 00:00 0 
7f1cdc000000-7f1cdec26000 rw-p 00000000 00:00 0 
7f1cdec26000-7f1ce0000000 ---p 00000000 00:00 0 
7f1ce0000000-7f1ce4000000 rw-p 00000000 00:00 0 
7f1ce4000000-7f1ce7fda000 rw-p 00000000 00:00 0 
7f1ce7fda000-7f1ce8000000 ---p 00000000 00:00 0 
7f1ce8000000-7f1ce8021000 rw-p 00000000 00:00 0 
7f1ce8021000-7f1cec000000 ---p 00000000 00:00 0 
7f1cec000000-7f1cefff5000 rw-p 00000000 00:00 0 
7f1cefff5000-7f1cf0000000 ---p 00000000 00:00 0 
7f1cf0000000-7f1cf0644000 rw-p 00000000 00:00 0 
7f1cf0644000-7f1cf4000000 ---p 00000000 00:00 0 
7f1cf4000000-7f1cf4868000 rw-p 00000000 00:00 0 
7f1cf4868000-7f1cf8000000 ---p 00000000 00:00 0 
7f1cf8000000-7f1cf8021000 rw-p 00000000 00:00 0 
7f1cf8021000-7f1cfc000000 ---p 00000000 00:00 0 
7f1cfc000000-7f1cfc021000 rw-p 00000000 00:00 0 
7f1cfc021000-7f1d00000000 ---p 00000000 00:00 0 
7f1d00000000-7f1d00021000 rw-p 00000000 00:00 0 
7f1d00021000-7f1d04000000 ---p 00000000 00:00 0 
7f1d0405d000-7f1d04061000 ---p 00000000 00:00 0 
7f1d04061000-7f1d0415e000 rw-p 00000000 00:00 0 
7f1d0415e000-7f1d04160000 r-xp 00000000 fc:01 1319023                    /usr/lib/jvm/java-11-openjdk-amd64/lib/libextnet.so
7f1d04160000-7f1d0435f000 ---p 00002000 fc:01 1319023                    /usr/lib/jvm/java-11-openjdk-amd64/lib/libextnet.so
7f1d0435f000-7f1d04360000 r--p 00001000 fc:01 1319023                    /usr/lib/jvm/java-11-openjdk-amd64/lib/libextnet.so
7f1d04360000-7f1d04361000 rw-p 00002000 fc:01 1319023                    /usr/lib/jvm/java-11-openjdk-amd64/lib/libextnet.so
7f1d04361000-7f1d04561000 rw-p 00000000 00:00 0 
7f1d04561000-7f1d04761000 rw-p 00000000 00:00 0 
7f1d04761000-7f1d04762000 ---p 00000000 00:00 0 
7f1d04762000-7f1d04863000 rw-p 00000000 00:00 0 
7f1d04863000-7f1d04879000 r-xp 00000000 fc:01 1319409                    /usr/lib/jvm/java-11-openjdk-amd64/lib/libnet.so
7f1d04879000-7f1d04a78000 ---p 00016000 fc:01 1319409                    /usr/lib/jvm/java-11-openjdk-amd64/lib/libnet.so
7f1d04a78000-7f1d04a79000 r--p 00015000 fc:01 1319409                    /usr/lib/jvm/java-11-openjdk-amd64/lib/libnet.so
7f1d04a79000-7f1d04a7a000 rw-p 00016000 fc:01 1319409                    /usr/lib/jvm/java-11-openjdk-amd64/lib/libnet.so
7f1d04a7a000-7f1d04a8a000 r-xp 00000000 fc:01 1319410                    /usr/lib/jvm/java-11-openjdk-amd64/lib/libnio.so
7f1d04a8a000-7f1d04c89000 ---p 00010000 fc:01 1319410                    /usr/lib/jvm/java-11-openjdk-amd64/lib/libnio.so
7f1d04c89000-7f1d04c8a000 r--p 0000f000 fc:01 1319410                    /usr/lib/jvm/java-11-openjdk-amd64/lib/libnio.so
7f1d04c8a000-7f1d04c8b000 rw-p 00010000 fc:01 1319410                    /usr/lib/jvm/java-11-openjdk-amd64/lib/libnio.so
7f1d04c8b000-7f1d04c8f000 ---p 00000000 00:00 0 
7f1d04c8f000-7f1d04d8c000 rw-p 00000000 00:00 0 
7f1d04d8c000-7f1d04d8d000 ---p 00000000 00:00 0 
7f1d04d8d000-7f1d04e8e000 rw-p 00000000 00:00 0 
7f1d04e8e000-7f1d04e92000 ---p 00000000 00:00 0 
7f1d04e92000-7f1d04f8f000 rw-p 00000000 00:00 0 
7f1d04f8f000-7f1d04f93000 ---p 00000000 00:00 0 
7f1d04f93000-7f1d07438000 rw-p 00000000 00:00 0 
7f1d07438000-7f1d07ff8000 ---p 00000000 00:00 0 
7f1d07ff8000-7f1d08000000 rw-p 00000000 00:00 0 
7f1d08000000-7f1d08031000 rw-p 00000000 00:00 0 
7f1d08031000-7f1d0c000000 ---p 00000000 00:00 0 
7f1d0c029000-7f1d0c02d000 ---p 00000000 00:00 0 
7f1d0c02d000-7f1d0c12a000 rw-p 00000000 00:00 0 
7f1d0c12a000-7f1d0c12e000 ---p 00000000 00:00 0 
7f1d0c12e000-7f1d0c22b000 rw-p 00000000 00:00 0 
7f1d0c22b000-7f1d0c22f000 ---p 00000000 00:00 0 
7f1d0c22f000-7f1d0c32c000 rw-p 00000000 00:00 0 
7f1d0c32c000-7f1d0c49f000 r--p 00000000 fc:01 7808                       /usr/lib/locale/C.UTF-8/LC_COLLATE
7f1d0c49f000-7f1d0c63a000 r--p 00000000 fc:01 7803                       /usr/lib/locale/locale-archive
7f1d0c63a000-7f1d0c63e000 ---p 00000000 00:00 0 
7f1d0c63e000-7f1d0c73b000 rw-p 00000000 00:00 0 
7f1d0c73b000-7f1d0c73f000 ---p 00000000 00:00 0 
7f1d0c73f000-7f1d0c83c000 rw-p 00000000 00:00 0 
7f1d0c83c000-7f1d0c83d000 ---p 00000000 00:00 0 
7f1d0c83d000-7f1d0c93e000 rw-p 00000000 00:00 0 
7f1d0c93e000-7f1d0cbae000 rwxp 00000000 00:00 0 
7f1d0cbae000-7f1d0cecd000 ---p 00000000 00:00 0 
7f1d0cecd000-7f1d0dfad000 rwxp 00000000 00:00 0 
7f1d0dfad000-7f1d14405000 ---p 00000000 00:00 0 
7f1d14405000-7f1d14c15000 rwxp 00000000 00:00 0 
7f1d14c15000-7f1d1b93e000 ---p 00000000 00:00 0 
7f1d1b93e000-7f1d24000000 r--s 00000000 fc:01 1319496                    /usr/lib/jvm/java-11-openjdk-amd64/lib/modules
7f1d24000000-7f1d24c85000 rw-p 00000000 00:00 0 
7f1d24c85000-7f1d28000000 ---p 00000000 00:00 0 
7f1d2804c000-7f1d288cd000 rw-p 00000000 00:00 0 
7f1d288cd000-7f1d288ce000 ---p 00000000 00:00 0 
7f1d288ce000-7f1d289cf000 rw-p 00000000 00:00 0 
7f1d289cf000-7f1d289d0000 ---p 00000000 00:00 0 
7f1d289d0000-7f1d28cd3000 rw-p 00000000 00:00 0 
7f1d28cd3000-7f1d28cd4000 ---p 00000000 00:00 0 
7f1d28cd4000-7f1d28dd5000 rw-p 00000000 00:00 0 
7f1d28dd5000-7f1d28dd6000 ---p 00000000 00:00 0 
7f1d28dd6000-7f1d2927f000 rw-p 00000000 00:00 0 
7f1d2927f000-7f1d29e3f000 ---p 00000000 00:00 0 
7f1d29e3f000-7f1d29ebc000 rw-p 00000000 00:00 0 
7f1d29ebc000-7f1d2a034000 ---p 00000000 00:00 0 
7f1d2a034000-7f1d2a0aa000 rw-p 00000000 00:00 0 
7f1d2a0aa000-7f1d2a222000 ---p 00000000 00:00 0 
7f1d2a222000-7f1d2a298000 rw-p 00000000 00:00 0 
7f1d2a298000-7f1d2a410000 ---p 00000000 00:00 0 
7f1d2a410000-7f1d2a613000 rw-p 00000000 00:00 0 
7f1d2a613000-7f1d2a614000 ---p 00000000 00:00 0 
7f1d2a614000-7f1d2a726000 rw-p 00000000 00:00 0 
7f1d2a726000-7f1d2a800000 ---p 00000000 00:00 0 
7f1d2a800000-7f1d2a822000 rw-p 00000000 00:00 0 
7f1d2a822000-7f1d2a8eb000 ---p 00000000 00:00 0 
7f1d2a8eb000-7f1d2a8f0000 r-xp 00000000 fc:01 1319034                    /usr/lib/jvm/java-11-openjdk-amd64/lib/libjimage.so
7f1d2a8f0000-7f1d2aaef000 ---p 00005000 fc:01 1319034                    /usr/lib/jvm/java-11-openjdk-amd64/lib/libjimage.so
7f1d2aaef000-7f1d2aaf0000 r--p 00004000 fc:01 1319034                    /usr/lib/jvm/java-11-openjdk-amd64/lib/libjimage.so
7f1d2aaf0000-7f1d2aaf1000 rw-p 00005000 fc:01 1319034                    /usr/lib/jvm/java-11-openjdk-amd64/lib/libjimage.so
7f1d2aaf1000-7f1d2aaf8000 r-xp 00000000 fc:01 1319495                    /usr/lib/jvm/java-11-openjdk-amd64/lib/libzip.so
7f1d2aaf8000-7f1d2acf7000 ---p 00007000 fc:01 1319495                    /usr/lib/jvm/java-11-openjdk-amd64/lib/libzip.so
7f1d2acf7000-7f1d2acf8000 r--p 00006000 fc:01 1319495                    /usr/lib/jvm/java-11-openjdk-amd64/lib/libzip.so
7f1d2acf8000-7f1d2acf9000 rw-p 00007000 fc:01 1319495                    /usr/lib/jvm/java-11-openjdk-amd64/lib/libzip.so
7f1d2acf9000-7f1d2ad04000 r-xp 00000000 fc:01 2095                       /lib/x86_64-linux-gnu/libnss_files-2.27.so
7f1d2ad04000-7f1d2af03000 ---p 0000b000 fc:01 2095                       /lib/x86_64-linux-gnu/libnss_files-2.27.so
7f1d2af03000-7f1d2af04000 r--p 0000a000 fc:01 2095                       /lib/x86_64-linux-gnu/libnss_files-2.27.so
7f1d2af04000-7f1d2af05000 rw-p 0000b000 fc:01 2095                       /lib/x86_64-linux-gnu/libnss_files-2.27.so
7f1d2af05000-7f1d2af0b000 rw-p 00000000 00:00 0 
7f1d2af0b000-7f1d2af22000 r-xp 00000000 fc:01 2092                       /lib/x86_64-linux-gnu/libnsl-2.27.so
7f1d2af22000-7f1d2b121000 ---p 00017000 fc:01 2092                       /lib/x86_64-linux-gnu/libnsl-2.27.so
7f1d2b121000-7f1d2b122000 r--p 00016000 fc:01 2092                       /lib/x86_64-linux-gnu/libnsl-2.27.so
7f1d2b122000-7f1d2b123000 rw-p 00017000 fc:01 2092                       /lib/x86_64-linux-gnu/libnsl-2.27.so
7f1d2b123000-7f1d2b125000 rw-p 00000000 00:00 0 
7f1d2b125000-7f1d2b130000 r-xp 00000000 fc:01 2097                       /lib/x86_64-linux-gnu/libnss_nis-2.27.so
7f1d2b130000-7f1d2b32f000 ---p 0000b000 fc:01 2097                       /lib/x86_64-linux-gnu/libnss_nis-2.27.so
7f1d2b32f000-7f1d2b330000 r--p 0000a000 fc:01 2097                       /lib/x86_64-linux-gnu/libnss_nis-2.27.so
7f1d2b330000-7f1d2b331000 rw-p 0000b000 fc:01 2097                       /lib/x86_64-linux-gnu/libnss_nis-2.27.so
7f1d2b331000-7f1d2b339000 r-xp 00000000 fc:01 2093                       /lib/x86_64-linux-gnu/libnss_compat-2.27.so
7f1d2b339000-7f1d2b539000 ---p 00008000 fc:01 2093                       /lib/x86_64-linux-gnu/libnss_compat-2.27.so
7f1d2b539000-7f1d2b53a000 r--p 00008000 fc:01 2093                       /lib/x86_64-linux-gnu/libnss_compat-2.27.so
7f1d2b53a000-7f1d2b53b000 rw-p 00009000 fc:01 2093                       /lib/x86_64-linux-gnu/libnss_compat-2.27.so
7f1d2b53b000-7f1d2b564000 r-xp 00000000 fc:01 1319030                    /usr/lib/jvm/java-11-openjdk-amd64/lib/libjava.so
7f1d2b564000-7f1d2b763000 ---p 00029000 fc:01 1319030                    /usr/lib/jvm/java-11-openjdk-amd64/lib/libjava.so
7f1d2b763000-7f1d2b764000 r--p 00028000 fc:01 1319030                    /usr/lib/jvm/java-11-openjdk-amd64/lib/libjava.so
7f1d2b764000-7f1d2b766000 rw-p 00029000 fc:01 1319030                    /usr/lib/jvm/java-11-openjdk-amd64/lib/libjava.so
7f1d2b766000-7f1d2b773000 r-xp 00000000 fc:01 1319494                    /usr/lib/jvm/java-11-openjdk-amd64/lib/libverify.so
7f1d2b773000-7f1d2b972000 ---p 0000d000 fc:01 1319494                    /usr/lib/jvm/java-11-openjdk-amd64/lib/libverify.so
7f1d2b972000-7f1d2b974000 r--p 0000c000 fc:01 1319494                    /usr/lib/jvm/java-11-openjdk-amd64/lib/libverify.so
7f1d2b974000-7f1d2b975000 rw-p 0000e000 fc:01 1319494                    /usr/lib/jvm/java-11-openjdk-amd64/lib/libverify.so
7f1d2b975000-7f1d2b97c000 r-xp 00000000 fc:01 2183                       /lib/x86_64-linux-gnu/librt-2.27.so
7f1d2b97c000-7f1d2bb7b000 ---p 00007000 fc:01 2183                       /lib/x86_64-linux-gnu/librt-2.27.so
7f1d2bb7b000-7f1d2bb7c000 r--p 00006000 fc:01 2183                       /lib/x86_64-linux-gnu/librt-2.27.so
7f1d2bb7c000-7f1d2bb7d000 rw-p 00007000 fc:01 2183                       /lib/x86_64-linux-gnu/librt-2.27.so
7f1d2bb7d000-7f1d2bb94000 r-xp 00000000 fc:01 105                        /lib/x86_64-linux-gnu/libgcc_s.so.1
7f1d2bb94000-7f1d2bd93000 ---p 00017000 fc:01 105                        /lib/x86_64-linux-gnu/libgcc_s.so.1
7f1d2bd93000-7f1d2bd94000 r--p 00016000 fc:01 105                        /lib/x86_64-linux-gnu/libgcc_s.so.1
7f1d2bd94000-7f1d2bd95000 rw-p 00017000 fc:01 105                        /lib/x86_64-linux-gnu/libgcc_s.so.1
7f1d2bd95000-7f1d2bf32000 r-xp 00000000 fc:01 2089                       /lib/x86_64-linux-gnu/libm-2.27.so
7f1d2bf32000-7f1d2c131000 ---p 0019d000 fc:01 2089                       /lib/x86_64-linux-gnu/libm-2.27.so
7f1d2c131000-7f1d2c132000 r--p 0019c000 fc:01 2089                       /lib/x86_64-linux-gnu/libm-2.27.so
7f1d2c132000-7f1d2c133000 rw-p 0019d000 fc:01 2089                       /lib/x86_64-linux-gnu/libm-2.27.so
7f1d2c133000-7f1d2c2ac000 r-xp 00000000 fc:01 315                        /usr/lib/x86_64-linux-gnu/libstdc++.so.6.0.25
7f1d2c2ac000-7f1d2c4ac000 ---p 00179000 fc:01 315                        /usr/lib/x86_64-linux-gnu/libstdc++.so.6.0.25
7f1d2c4ac000-7f1d2c4b6000 r--p 00179000 fc:01 315                        /usr/lib/x86_64-linux-gnu/libstdc++.so.6.0.25
7f1d2c4b6000-7f1d2c4b8000 rw-p 00183000 fc:01 315                        /usr/lib/x86_64-linux-gnu/libstdc++.so.6.0.25
7f1d2c4b8000-7f1d2c4bc000 rw-p 00000000 00:00 0 
7f1d2c4bc000-7f1d2d590000 r-xp 00000000 fc:01 1319499                    /usr/lib/jvm/java-11-openjdk-amd64/lib/server/libjvm.so
7f1d2d590000-7f1d2d790000 ---p 010d4000 fc:01 1319499                    /usr/lib/jvm/java-11-openjdk-amd64/lib/server/libjvm.so
7f1d2d790000-7f1d2d84d000 r--p 010d4000 fc:01 1319499                    /usr/lib/jvm/java-11-openjdk-amd64/lib/server/libjvm.so
7f1d2d84d000-7f1d2d886000 rw-p 01191000 fc:01 1319499                    /usr/lib/jvm/java-11-openjdk-amd64/lib/server/libjvm.so
7f1d2d886000-7f1d2d8dd000 rw-p 00000000 00:00 0 
7f1d2d8dd000-7f1d2d8f7000 r-xp 00000000 fc:01 2181                       /lib/x86_64-linux-gnu/libpthread-2.27.so
7f1d2d8f7000-7f1d2daf6000 ---p 0001a000 fc:01 2181                       /lib/x86_64-linux-gnu/libpthread-2.27.so
7f1d2daf6000-7f1d2daf7000 r--p 00019000 fc:01 2181                       /lib/x86_64-linux-gnu/libpthread-2.27.so
7f1d2daf7000-7f1d2daf8000 rw-p 0001a000 fc:01 2181                       /lib/x86_64-linux-gnu/libpthread-2.27.so
7f1d2daf8000-7f1d2dafc000 rw-p 00000000 00:00 0 
7f1d2dafc000-7f1d2daff000 r-xp 00000000 fc:01 2088                       /lib/x86_64-linux-gnu/libdl-2.27.so
7f1d2daff000-7f1d2dcfe000 ---p 00003000 fc:01 2088                       /lib/x86_64-linux-gnu/libdl-2.27.so
7f1d2dcfe000-7f1d2dcff000 r--p 00002000 fc:01 2088                       /lib/x86_64-linux-gnu/libdl-2.27.so
7f1d2dcff000-7f1d2dd00000 rw-p 00003000 fc:01 2088                       /lib/x86_64-linux-gnu/libdl-2.27.so
7f1d2dd00000-7f1d2dd1c000 r-xp 00000000 fc:01 2187                       /lib/x86_64-linux-gnu/libz.so.1.2.11
7f1d2dd1c000-7f1d2df1b000 ---p 0001c000 fc:01 2187                       /lib/x86_64-linux-gnu/libz.so.1.2.11
7f1d2df1b000-7f1d2df1c000 r--p 0001b000 fc:01 2187                       /lib/x86_64-linux-gnu/libz.so.1.2.11
7f1d2df1c000-7f1d2df1d000 rw-p 0001c000 fc:01 2187                       /lib/x86_64-linux-gnu/libz.so.1.2.11
7f1d2df1d000-7f1d2e104000 r-xp 00000000 fc:01 2085                       /lib/x86_64-linux-gnu/libc-2.27.so
7f1d2e104000-7f1d2e304000 ---p 001e7000 fc:01 2085                       /lib/x86_64-linux-gnu/libc-2.27.so
7f1d2e304000-7f1d2e308000 r--p 001e7000 fc:01 2085                       /lib/x86_64-linux-gnu/libc-2.27.so
7f1d2e308000-7f1d2e30a000 rw-p 001eb000 fc:01 2085                       /lib/x86_64-linux-gnu/libc-2.27.so
7f1d2e30a000-7f1d2e30e000 rw-p 00000000 00:00 0 
7f1d2e30e000-7f1d2e31e000 r-xp 00000000 fc:01 1318898                    /usr/lib/jvm/java-11-openjdk-amd64/lib/jli/libjli.so
7f1d2e31e000-7f1d2e51d000 ---p 00010000 fc:01 1318898                    /usr/lib/jvm/java-11-openjdk-amd64/lib/jli/libjli.so
7f1d2e51d000-7f1d2e51e000 r--p 0000f000 fc:01 1318898                    /usr/lib/jvm/java-11-openjdk-amd64/lib/jli/libjli.so
7f1d2e51e000-7f1d2e51f000 rw-p 00010000 fc:01 1318898                    /usr/lib/jvm/java-11-openjdk-amd64/lib/jli/libjli.so
7f1d2e51f000-7f1d2e546000 r-xp 00000000 fc:01 2081                       /lib/x86_64-linux-gnu/ld-2.27.so
7f1d2e56b000-7f1d2e59c000 r--p 00000000 fc:01 7809                       /usr/lib/locale/C.UTF-8/LC_CTYPE
7f1d2e59c000-7f1d2e59d000 r--p 00000000 fc:01 7814                       /usr/lib/locale/C.UTF-8/LC_NUMERIC
7f1d2e59d000-7f1d2e59e000 r--p 00000000 fc:01 7817                       /usr/lib/locale/C.UTF-8/LC_TIME
7f1d2e59e000-7f1d2e59f000 r--p 00000000 fc:01 7812                       /usr/lib/locale/C.UTF-8/LC_MONETARY
7f1d2e59f000-7f1d2e5a0000 r--p 00000000 fc:01 7806                       /usr/lib/locale/C.UTF-8/LC_MESSAGES/SYS_LC_MESSAGES
7f1d2e5a0000-7f1d2e61c000 rw-p 00000000 00:00 0 
7f1d2e61c000-7f1d2e620000 ---p 00000000 00:00 0 
7f1d2e620000-7f1d2e71f000 rw-p 00000000 00:00 0 
7f1d2e71f000-7f1d2e720000 r--p 00000000 fc:01 7815                       /usr/lib/locale/C.UTF-8/LC_PAPER
7f1d2e720000-7f1d2e721000 r--p 00000000 fc:01 7813                       /usr/lib/locale/C.UTF-8/LC_NAME
7f1d2e721000-7f1d2e722000 r--p 00000000 fc:01 7807                       /usr/lib/locale/C.UTF-8/LC_ADDRESS
7f1d2e722000-7f1d2e723000 r--p 00000000 fc:01 7816                       /usr/lib/locale/C.UTF-8/LC_TELEPHONE
7f1d2e723000-7f1d2e724000 r--p 00000000 fc:01 7811                       /usr/lib/locale/C.UTF-8/LC_MEASUREMENT
7f1d2e724000-7f1d2e72b000 r--s 00000000 fc:01 5022                       /usr/lib/x86_64-linux-gnu/gconv/gconv-modules.cache
7f1d2e72b000-7f1d2e72c000 r--p 00000000 fc:01 7810                       /usr/lib/locale/C.UTF-8/LC_IDENTIFICATION
7f1d2e72c000-7f1d2e731000 rw-p 00000000 00:00 0 
7f1d2e731000-7f1d2e738000 ---p 00000000 00:00 0 
7f1d2e738000-7f1d2e73a000 r--s 00007000 fc:01 76117                      /usr/share/java/java-atk-wrapper.jar
7f1d2e73a000-7f1d2e742000 rw-s 00000000 fc:01 3625081                    /tmp/hsperfdata_tlha252/26828
7f1d2e742000-7f1d2e743000 ---p 00000000 00:00 0 
7f1d2e743000-7f1d2e744000 r--p 00000000 00:00 0 
7f1d2e744000-7f1d2e746000 rw-p 00000000 00:00 0 
7f1d2e746000-7f1d2e747000 r--p 00027000 fc:01 2081                       /lib/x86_64-linux-gnu/ld-2.27.so
7f1d2e747000-7f1d2e748000 rw-p 00028000 fc:01 2081                       /lib/x86_64-linux-gnu/ld-2.27.so
7f1d2e748000-7f1d2e749000 rw-p 00000000 00:00 0 
7ffcf691d000-7ffcf693e000 rw-p 00000000 00:00 0                          [stack]
7ffcf69d9000-7ffcf69dc000 r--p 00000000 00:00 0                          [vvar]
7ffcf69dc000-7ffcf69de000 r-xp 00000000 00:00 0                          [vdso]
ffffffffff600000-ffffffffff601000 r-xp 00000000 00:00 0                  [vsyscall]


VM Arguments:
java_command: /home/tlha252/DatabasesFinalProject/cs505-pubsub-cep-template/target/cs505-pubsub-cep-template-1.0-SNAPSHOT.jar
java_class_path (initial): /home/tlha252/DatabasesFinalProject/cs505-pubsub-cep-template/target/cs505-pubsub-cep-template-1.0-SNAPSHOT.jar
Launcher Type: SUN_STANDARD

[Global flags]
     intx CICompilerCount                          = 2                                         {product} {ergonomic}
     uint ConcGCThreads                            = 1                                         {product} {ergonomic}
     uint G1ConcRefinementThreads                  = 2                                         {product} {ergonomic}
   size_t G1HeapRegionSize                         = 1048576                                   {product} {ergonomic}
    uintx GCDrainStackTargetSize                   = 64                                        {product} {ergonomic}
   size_t InitialHeapSize                          = 65011712                                  {product} {ergonomic}
   size_t MarkStackSize                            = 4194304                                   {product} {ergonomic}
   size_t MaxHeapSize                              = 1035993088                                {product} {ergonomic}
   size_t MaxNewSize                               = 620756992                                 {product} {ergonomic}
   size_t MinHeapDeltaBytes                        = 1048576                                   {product} {ergonomic}
    uintx NonNMethodCodeHeapSize                   = 5825164                                {pd product} {ergonomic}
    uintx NonProfiledCodeHeapSize                  = 122916538                              {pd product} {ergonomic}
    uintx ProfiledCodeHeapSize                     = 122916538                              {pd product} {ergonomic}
    uintx ReservedCodeCacheSize                    = 251658240                              {pd product} {ergonomic}
     bool SegmentedCodeCache                       = true                                      {product} {ergonomic}
     bool UseCompressedClassPointers               = true                                 {lp64_product} {ergonomic}
     bool UseCompressedOops                        = true                                 {lp64_product} {ergonomic}
     bool UseG1GC                                  = true                                      {product} {ergonomic}

Logging:
Log output configuration:
 #0: stdout all=warning uptime,level,tags
 #1: stderr all=off uptime,level,tags

Environment Variables:
PATH=/usr/local/sbin:/usr/local/bin:/usr/sbin:/usr/bin:/sbin:/bin:/usr/games:/usr/local/games:/snap/bin
SHELL=/bin/bash

Signal Handlers:
SIGSEGV: [libjvm.so+0xdeda70], sa_mask[0]=11111111011111111101111111111110, sa_flags=SA_RESTART|SA_SIGINFO
SIGBUS: [libjvm.so+0xdeda70], sa_mask[0]=11111111011111111101111111111110, sa_flags=SA_RESTART|SA_SIGINFO
SIGFPE: [libjvm.so+0xdeda70], sa_mask[0]=11111111011111111101111111111110, sa_flags=SA_RESTART|SA_SIGINFO
SIGPIPE: [libjvm.so+0xbc3040], sa_mask[0]=11111111011111111101111111111110, sa_flags=SA_RESTART|SA_SIGINFO
SIGXFSZ: [libjvm.so+0xbc3040], sa_mask[0]=11111111011111111101111111111110, sa_flags=SA_RESTART|SA_SIGINFO
SIGILL: [libjvm.so+0xdeda70], sa_mask[0]=11111111011111111101111111111110, sa_flags=SA_RESTART|SA_SIGINFO
SIGUSR2: [libjvm.so+0xbc2ee0], sa_mask[0]=00000000000000000000000000000000, sa_flags=SA_RESTART|SA_SIGINFO
SIGHUP: [libjvm.so+0xbc3240], sa_mask[0]=11111111011111111101111111111110, sa_flags=SA_RESTART|SA_SIGINFO
SIGINT: [libjvm.so+0xbc3240], sa_mask[0]=11111111011111111101111111111110, sa_flags=SA_RESTART|SA_SIGINFO
SIGTERM: [libjvm.so+0xbc3240], sa_mask[0]=11111111011111111101111111111110, sa_flags=SA_RESTART|SA_SIGINFO
SIGQUIT: [libjvm.so+0xbc3240], sa_mask[0]=11111111011111111101111111111110, sa_flags=SA_RESTART|SA_SIGINFO


---------------  S Y S T E M  ---------------

OS:DISTRIB_ID=Ubuntu
DISTRIB_RELEASE=18.04
DISTRIB_CODENAME=bionic
DISTRIB_DESCRIPTION="Ubuntu 18.04.3 LTS"
uname:Linux 4.15.0-74-generic #84-Ubuntu SMP Thu Dec 19 08:06:28 UTC 2019 x86_64
libc:glibc 2.27 NPTL 2.27 
rlimit: STACK 8192k, CORE 0k, NPROC 15517, NOFILE 1048576, AS infinity, DATA infinity, FSIZE infinity
load average:34.97 30.78 17.67

/proc/meminfo:
MemTotal:        4039176 kB
MemFree:          116016 kB
MemAvailable:      36416 kB
Buffers:            4868 kB
Cached:            44672 kB
SwapCached:            0 kB
Active:          3712200 kB
Inactive:          31416 kB
Active(anon):    3695080 kB
Inactive(anon):     3656 kB
Active(file):      17120 kB
Inactive(file):    27760 kB
Unevictable:           0 kB
Mlocked:               0 kB
SwapTotal:             0 kB
SwapFree:              0 kB
Dirty:                40 kB
Writeback:             0 kB
AnonPages:       3694220 kB
Mapped:            34784 kB
Shmem:              4548 kB
Slab:             103300 kB
SReclaimable:      37152 kB
SUnreclaim:        66148 kB
KernelStack:        7552 kB
PageTables:        25232 kB
NFS_Unstable:          0 kB
Bounce:                0 kB
WritebackTmp:          0 kB
CommitLimit:     2019588 kB
Committed_AS:    8648380 kB
VmallocTotal:   34359738367 kB
VmallocUsed:           0 kB
VmallocChunk:          0 kB
HardwareCorrupted:     0 kB
AnonHugePages:         0 kB
ShmemHugePages:        0 kB
ShmemPmdMapped:        0 kB
CmaTotal:              0 kB
CmaFree:               0 kB
HugePages_Total:       0
HugePages_Free:        0
HugePages_Rsvd:        0
HugePages_Surp:        0
Hugepagesize:       2048 kB
DirectMap4k:      216944 kB
DirectMap2M:     3977216 kB
DirectMap1G:     2097152 kB


/proc/sys/kernel/threads-max (system-wide limit on the number of threads):
31035


/proc/sys/vm/max_map_count (maximum number of memory map areas a process may have):
65530


/proc/sys/kernel/pid_max (system-wide limit on number of process identifiers):
32768



container (cgroup) information:
container_type: cgroupv1
cpu_cpuset_cpus: 0-1
cpu_memory_nodes: 0
active_processor_count: 2
cpu_quota: -1
cpu_period: 100000
cpu_shares: -1
memory_limit_in_bytes: -1
memory_and_swap_limit_in_bytes: -2
memory_soft_limit_in_bytes: -1
memory_usage_in_bytes: 1318629376
memory_max_usage_in_bytes: 1320169472

KVM virtualization detected
Steal ticks since vm start: 220
Steal ticks percentage since vm start:  0.000

CPU:total 2 (initial active 2) (1 cores per cpu, 1 threads per core) family 6 model 85 stepping 4, cmov, cx8, fxsr, mmx, sse, sse2, sse3, ssse3, sse4.1, sse4.2, popcnt, avx, avx2, aes, clmul, erms, 3dnowpref, lzcnt, tsc, bmi1, bmi2, adx, evex, fma
CPU Model and flags from /proc/cpuinfo:
model name	: Intel Xeon Processor (Skylake, IBRS)
flags		: fpu vme de pse tsc msr pae mce cx8 apic sep mtrr pge mca cmov pat pse36 clflush mmx fxsr sse sse2 ss syscall nx pdpe1gb rdtscp lm constant_tsc rep_good nopl xtopology cpuid tsc_known_freq pni pclmulqdq vmx ssse3 fma cx16 pcid sse4_1 sse4_2 x2apic movbe popcnt tsc_deadline_timer aes xsave avx f16c rdrand hypervisor lahf_lm abm 3dnowprefetch cpuid_fault invpcid_single pti ssbd ibrs ibpb tpr_shadow vnmi flexpriority ept vpid fsgsbase tsc_adjust bmi1 avx2 smep bmi2 erms invpcid mpx avx512f avx512dq rdseed adx smap clflushopt clwb avx512cd avx512bw avx512vl xsaveopt xsavec xgetbv1 xsaves arat pku ospke avx512_vnni md_clear

Memory: 4k page, physical 4039176k(116016k free), swap 0k(0k free)

vm_info: OpenJDK 64-Bit Server VM (11.0.5+10-post-Ubuntu-0ubuntu1.118.04) for linux-amd64 JRE (11.0.5+10-post-Ubuntu-0ubuntu1.118.04), built on Oct 16 2019 22:01:07 by "buildd" with gcc 7.4.0

END.
